<?xml version="1.0" encoding="UTF-8"?>
<testsuite xmlns:xsi="http://www.w3.org/2001/XMLSchema-instance" xsi:noNamespaceSchemaLocation="https://maven.apache.org/surefire/maven-surefire-plugin/xsd/surefire-test-report.xsd" name="com.kata.bankaccount.AccountControllerTests" time="4.65" tests="2" errors="1" skipped="0" failures="0">
  <properties>
    <property name="sun.desktop" value="windows"/>
    <property name="awt.toolkit" value="sun.awt.windows.WToolkit"/>
    <property name="java.specification.version" value="11"/>
    <property name="sun.cpu.isalist" value="amd64"/>
    <property name="sun.jnu.encoding" value="Cp1252"/>
    <property name="java.class.path" value="C:\Users\boujl\Desktop\bank-account\target\test-classes;C:\Users\boujl\Desktop\bank-account\target\classes;C:\Users\boujl\.m2\repository\org\springframework\boot\spring-boot-starter-web\2.6.1\spring-boot-starter-web-2.6.1.jar;C:\Users\boujl\.m2\repository\org\springframework\boot\spring-boot-starter\2.6.1\spring-boot-starter-2.6.1.jar;C:\Users\boujl\.m2\repository\org\springframework\boot\spring-boot\2.6.1\spring-boot-2.6.1.jar;C:\Users\boujl\.m2\repository\org\springframework\boot\spring-boot-autoconfigure\2.6.1\spring-boot-autoconfigure-2.6.1.jar;C:\Users\boujl\.m2\repository\org\springframework\boot\spring-boot-starter-logging\2.6.1\spring-boot-starter-logging-2.6.1.jar;C:\Users\boujl\.m2\repository\ch\qos\logback\logback-classic\1.2.7\logback-classic-1.2.7.jar;C:\Users\boujl\.m2\repository\ch\qos\logback\logback-core\1.2.7\logback-core-1.2.7.jar;C:\Users\boujl\.m2\repository\org\apache\logging\log4j\log4j-to-slf4j\2.14.1\log4j-to-slf4j-2.14.1.jar;C:\Users\boujl\.m2\repository\org\apache\logging\log4j\log4j-api\2.14.1\log4j-api-2.14.1.jar;C:\Users\boujl\.m2\repository\org\slf4j\jul-to-slf4j\1.7.32\jul-to-slf4j-1.7.32.jar;C:\Users\boujl\.m2\repository\jakarta\annotation\jakarta.annotation-api\1.3.5\jakarta.annotation-api-1.3.5.jar;C:\Users\boujl\.m2\repository\org\yaml\snakeyaml\1.29\snakeyaml-1.29.jar;C:\Users\boujl\.m2\repository\org\springframework\boot\spring-boot-starter-json\2.6.1\spring-boot-starter-json-2.6.1.jar;C:\Users\boujl\.m2\repository\com\fasterxml\jackson\core\jackson-databind\2.13.0\jackson-databind-2.13.0.jar;C:\Users\boujl\.m2\repository\com\fasterxml\jackson\core\jackson-annotations\2.13.0\jackson-annotations-2.13.0.jar;C:\Users\boujl\.m2\repository\com\fasterxml\jackson\core\jackson-core\2.13.0\jackson-core-2.13.0.jar;C:\Users\boujl\.m2\repository\com\fasterxml\jackson\datatype\jackson-datatype-jdk8\2.13.0\jackson-datatype-jdk8-2.13.0.jar;C:\Users\boujl\.m2\repository\com\fasterxml\jackson\datatype\jackson-datatype-jsr310\2.13.0\jackson-datatype-jsr310-2.13.0.jar;C:\Users\boujl\.m2\repository\com\fasterxml\jackson\module\jackson-module-parameter-names\2.13.0\jackson-module-parameter-names-2.13.0.jar;C:\Users\boujl\.m2\repository\org\springframework\boot\spring-boot-starter-tomcat\2.6.1\spring-boot-starter-tomcat-2.6.1.jar;C:\Users\boujl\.m2\repository\org\apache\tomcat\embed\tomcat-embed-core\9.0.55\tomcat-embed-core-9.0.55.jar;C:\Users\boujl\.m2\repository\org\apache\tomcat\embed\tomcat-embed-el\9.0.55\tomcat-embed-el-9.0.55.jar;C:\Users\boujl\.m2\repository\org\apache\tomcat\embed\tomcat-embed-websocket\9.0.55\tomcat-embed-websocket-9.0.55.jar;C:\Users\boujl\.m2\repository\org\springframework\spring-web\5.3.13\spring-web-5.3.13.jar;C:\Users\boujl\.m2\repository\org\springframework\spring-beans\5.3.13\spring-beans-5.3.13.jar;C:\Users\boujl\.m2\repository\org\springframework\spring-webmvc\5.3.13\spring-webmvc-5.3.13.jar;C:\Users\boujl\.m2\repository\org\springframework\spring-aop\5.3.13\spring-aop-5.3.13.jar;C:\Users\boujl\.m2\repository\org\springframework\spring-context\5.3.13\spring-context-5.3.13.jar;C:\Users\boujl\.m2\repository\org\springframework\spring-expression\5.3.13\spring-expression-5.3.13.jar;C:\Users\boujl\.m2\repository\org\springframework\boot\spring-boot-starter-test\2.6.1\spring-boot-starter-test-2.6.1.jar;C:\Users\boujl\.m2\repository\org\springframework\boot\spring-boot-test\2.6.1\spring-boot-test-2.6.1.jar;C:\Users\boujl\.m2\repository\org\springframework\boot\spring-boot-test-autoconfigure\2.6.1\spring-boot-test-autoconfigure-2.6.1.jar;C:\Users\boujl\.m2\repository\com\jayway\jsonpath\json-path\2.6.0\json-path-2.6.0.jar;C:\Users\boujl\.m2\repository\net\minidev\json-smart\2.4.7\json-smart-2.4.7.jar;C:\Users\boujl\.m2\repository\net\minidev\accessors-smart\2.4.7\accessors-smart-2.4.7.jar;C:\Users\boujl\.m2\repository\org\ow2\asm\asm\9.1\asm-9.1.jar;C:\Users\boujl\.m2\repository\org\slf4j\slf4j-api\1.7.32\slf4j-api-1.7.32.jar;C:\Users\boujl\.m2\repository\jakarta\xml\bind\jakarta.xml.bind-api\2.3.3\jakarta.xml.bind-api-2.3.3.jar;C:\Users\boujl\.m2\repository\jakarta\activation\jakarta.activation-api\1.2.2\jakarta.activation-api-1.2.2.jar;C:\Users\boujl\.m2\repository\org\assertj\assertj-core\3.21.0\assertj-core-3.21.0.jar;C:\Users\boujl\.m2\repository\org\hamcrest\hamcrest\2.2\hamcrest-2.2.jar;C:\Users\boujl\.m2\repository\org\junit\jupiter\junit-jupiter\5.8.1\junit-jupiter-5.8.1.jar;C:\Users\boujl\.m2\repository\org\junit\jupiter\junit-jupiter-api\5.8.1\junit-jupiter-api-5.8.1.jar;C:\Users\boujl\.m2\repository\org\opentest4j\opentest4j\1.2.0\opentest4j-1.2.0.jar;C:\Users\boujl\.m2\repository\org\junit\platform\junit-platform-commons\1.8.1\junit-platform-commons-1.8.1.jar;C:\Users\boujl\.m2\repository\org\apiguardian\apiguardian-api\1.1.2\apiguardian-api-1.1.2.jar;C:\Users\boujl\.m2\repository\org\junit\jupiter\junit-jupiter-params\5.8.1\junit-jupiter-params-5.8.1.jar;C:\Users\boujl\.m2\repository\org\junit\jupiter\junit-jupiter-engine\5.8.1\junit-jupiter-engine-5.8.1.jar;C:\Users\boujl\.m2\repository\org\junit\platform\junit-platform-engine\1.8.1\junit-platform-engine-1.8.1.jar;C:\Users\boujl\.m2\repository\org\mockito\mockito-core\4.0.0\mockito-core-4.0.0.jar;C:\Users\boujl\.m2\repository\net\bytebuddy\byte-buddy\1.11.22\byte-buddy-1.11.22.jar;C:\Users\boujl\.m2\repository\net\bytebuddy\byte-buddy-agent\1.11.22\byte-buddy-agent-1.11.22.jar;C:\Users\boujl\.m2\repository\org\objenesis\objenesis\3.2\objenesis-3.2.jar;C:\Users\boujl\.m2\repository\org\mockito\mockito-junit-jupiter\4.0.0\mockito-junit-jupiter-4.0.0.jar;C:\Users\boujl\.m2\repository\org\skyscreamer\jsonassert\1.5.0\jsonassert-1.5.0.jar;C:\Users\boujl\.m2\repository\com\vaadin\external\google\android-json\0.0.20131108.vaadin1\android-json-0.0.20131108.vaadin1.jar;C:\Users\boujl\.m2\repository\org\springframework\spring-core\5.3.13\spring-core-5.3.13.jar;C:\Users\boujl\.m2\repository\org\springframework\spring-jcl\5.3.13\spring-jcl-5.3.13.jar;C:\Users\boujl\.m2\repository\org\springframework\spring-test\5.3.13\spring-test-5.3.13.jar;C:\Users\boujl\.m2\repository\org\xmlunit\xmlunit-core\2.8.3\xmlunit-core-2.8.3.jar;C:\Users\boujl\.m2\repository\junit\junit\4.12\junit-4.12.jar;C:\Users\boujl\.m2\repository\org\hamcrest\hamcrest-core\2.2\hamcrest-core-2.2.jar;"/>
    <property name="java.vm.vendor" value="Oracle Corporation"/>
    <property name="sun.arch.data.model" value="64"/>
    <property name="user.variant" value=""/>
    <property name="java.vendor.url" value="https://openjdk.java.net/"/>
    <property name="user.timezone" value="Europe/Paris"/>
    <property name="java.vm.specification.version" value="11"/>
    <property name="os.name" value="Windows 10"/>
    <property name="sun.java.launcher" value="SUN_STANDARD"/>
    <property name="user.country" value="GB"/>
    <property name="sun.boot.library.path" value="C:\Program Files\Java\jdk-11.0.11\bin"/>
    <property name="sun.java.command" value="C:\Users\boujl\AppData\Local\Temp\surefire4162211439319461697\surefirebooter17483744115211005074.jar C:\Users\boujl\AppData\Local\Temp\surefire4162211439319461697 2022-01-28T09-12-07_805-jvmRun1 surefire12324244162512745005tmp surefire_0711767300053966414tmp"/>
    <property name="jdk.debug" value="release"/>
    <property name="surefire.test.class.path" value="C:\Users\boujl\Desktop\bank-account\target\test-classes;C:\Users\boujl\Desktop\bank-account\target\classes;C:\Users\boujl\.m2\repository\org\springframework\boot\spring-boot-starter-web\2.6.1\spring-boot-starter-web-2.6.1.jar;C:\Users\boujl\.m2\repository\org\springframework\boot\spring-boot-starter\2.6.1\spring-boot-starter-2.6.1.jar;C:\Users\boujl\.m2\repository\org\springframework\boot\spring-boot\2.6.1\spring-boot-2.6.1.jar;C:\Users\boujl\.m2\repository\org\springframework\boot\spring-boot-autoconfigure\2.6.1\spring-boot-autoconfigure-2.6.1.jar;C:\Users\boujl\.m2\repository\org\springframework\boot\spring-boot-starter-logging\2.6.1\spring-boot-starter-logging-2.6.1.jar;C:\Users\boujl\.m2\repository\ch\qos\logback\logback-classic\1.2.7\logback-classic-1.2.7.jar;C:\Users\boujl\.m2\repository\ch\qos\logback\logback-core\1.2.7\logback-core-1.2.7.jar;C:\Users\boujl\.m2\repository\org\apache\logging\log4j\log4j-to-slf4j\2.14.1\log4j-to-slf4j-2.14.1.jar;C:\Users\boujl\.m2\repository\org\apache\logging\log4j\log4j-api\2.14.1\log4j-api-2.14.1.jar;C:\Users\boujl\.m2\repository\org\slf4j\jul-to-slf4j\1.7.32\jul-to-slf4j-1.7.32.jar;C:\Users\boujl\.m2\repository\jakarta\annotation\jakarta.annotation-api\1.3.5\jakarta.annotation-api-1.3.5.jar;C:\Users\boujl\.m2\repository\org\yaml\snakeyaml\1.29\snakeyaml-1.29.jar;C:\Users\boujl\.m2\repository\org\springframework\boot\spring-boot-starter-json\2.6.1\spring-boot-starter-json-2.6.1.jar;C:\Users\boujl\.m2\repository\com\fasterxml\jackson\core\jackson-databind\2.13.0\jackson-databind-2.13.0.jar;C:\Users\boujl\.m2\repository\com\fasterxml\jackson\core\jackson-annotations\2.13.0\jackson-annotations-2.13.0.jar;C:\Users\boujl\.m2\repository\com\fasterxml\jackson\core\jackson-core\2.13.0\jackson-core-2.13.0.jar;C:\Users\boujl\.m2\repository\com\fasterxml\jackson\datatype\jackson-datatype-jdk8\2.13.0\jackson-datatype-jdk8-2.13.0.jar;C:\Users\boujl\.m2\repository\com\fasterxml\jackson\datatype\jackson-datatype-jsr310\2.13.0\jackson-datatype-jsr310-2.13.0.jar;C:\Users\boujl\.m2\repository\com\fasterxml\jackson\module\jackson-module-parameter-names\2.13.0\jackson-module-parameter-names-2.13.0.jar;C:\Users\boujl\.m2\repository\org\springframework\boot\spring-boot-starter-tomcat\2.6.1\spring-boot-starter-tomcat-2.6.1.jar;C:\Users\boujl\.m2\repository\org\apache\tomcat\embed\tomcat-embed-core\9.0.55\tomcat-embed-core-9.0.55.jar;C:\Users\boujl\.m2\repository\org\apache\tomcat\embed\tomcat-embed-el\9.0.55\tomcat-embed-el-9.0.55.jar;C:\Users\boujl\.m2\repository\org\apache\tomcat\embed\tomcat-embed-websocket\9.0.55\tomcat-embed-websocket-9.0.55.jar;C:\Users\boujl\.m2\repository\org\springframework\spring-web\5.3.13\spring-web-5.3.13.jar;C:\Users\boujl\.m2\repository\org\springframework\spring-beans\5.3.13\spring-beans-5.3.13.jar;C:\Users\boujl\.m2\repository\org\springframework\spring-webmvc\5.3.13\spring-webmvc-5.3.13.jar;C:\Users\boujl\.m2\repository\org\springframework\spring-aop\5.3.13\spring-aop-5.3.13.jar;C:\Users\boujl\.m2\repository\org\springframework\spring-context\5.3.13\spring-context-5.3.13.jar;C:\Users\boujl\.m2\repository\org\springframework\spring-expression\5.3.13\spring-expression-5.3.13.jar;C:\Users\boujl\.m2\repository\org\springframework\boot\spring-boot-starter-test\2.6.1\spring-boot-starter-test-2.6.1.jar;C:\Users\boujl\.m2\repository\org\springframework\boot\spring-boot-test\2.6.1\spring-boot-test-2.6.1.jar;C:\Users\boujl\.m2\repository\org\springframework\boot\spring-boot-test-autoconfigure\2.6.1\spring-boot-test-autoconfigure-2.6.1.jar;C:\Users\boujl\.m2\repository\com\jayway\jsonpath\json-path\2.6.0\json-path-2.6.0.jar;C:\Users\boujl\.m2\repository\net\minidev\json-smart\2.4.7\json-smart-2.4.7.jar;C:\Users\boujl\.m2\repository\net\minidev\accessors-smart\2.4.7\accessors-smart-2.4.7.jar;C:\Users\boujl\.m2\repository\org\ow2\asm\asm\9.1\asm-9.1.jar;C:\Users\boujl\.m2\repository\org\slf4j\slf4j-api\1.7.32\slf4j-api-1.7.32.jar;C:\Users\boujl\.m2\repository\jakarta\xml\bind\jakarta.xml.bind-api\2.3.3\jakarta.xml.bind-api-2.3.3.jar;C:\Users\boujl\.m2\repository\jakarta\activation\jakarta.activation-api\1.2.2\jakarta.activation-api-1.2.2.jar;C:\Users\boujl\.m2\repository\org\assertj\assertj-core\3.21.0\assertj-core-3.21.0.jar;C:\Users\boujl\.m2\repository\org\hamcrest\hamcrest\2.2\hamcrest-2.2.jar;C:\Users\boujl\.m2\repository\org\junit\jupiter\junit-jupiter\5.8.1\junit-jupiter-5.8.1.jar;C:\Users\boujl\.m2\repository\org\junit\jupiter\junit-jupiter-api\5.8.1\junit-jupiter-api-5.8.1.jar;C:\Users\boujl\.m2\repository\org\opentest4j\opentest4j\1.2.0\opentest4j-1.2.0.jar;C:\Users\boujl\.m2\repository\org\junit\platform\junit-platform-commons\1.8.1\junit-platform-commons-1.8.1.jar;C:\Users\boujl\.m2\repository\org\apiguardian\apiguardian-api\1.1.2\apiguardian-api-1.1.2.jar;C:\Users\boujl\.m2\repository\org\junit\jupiter\junit-jupiter-params\5.8.1\junit-jupiter-params-5.8.1.jar;C:\Users\boujl\.m2\repository\org\junit\jupiter\junit-jupiter-engine\5.8.1\junit-jupiter-engine-5.8.1.jar;C:\Users\boujl\.m2\repository\org\junit\platform\junit-platform-engine\1.8.1\junit-platform-engine-1.8.1.jar;C:\Users\boujl\.m2\repository\org\mockito\mockito-core\4.0.0\mockito-core-4.0.0.jar;C:\Users\boujl\.m2\repository\net\bytebuddy\byte-buddy\1.11.22\byte-buddy-1.11.22.jar;C:\Users\boujl\.m2\repository\net\bytebuddy\byte-buddy-agent\1.11.22\byte-buddy-agent-1.11.22.jar;C:\Users\boujl\.m2\repository\org\objenesis\objenesis\3.2\objenesis-3.2.jar;C:\Users\boujl\.m2\repository\org\mockito\mockito-junit-jupiter\4.0.0\mockito-junit-jupiter-4.0.0.jar;C:\Users\boujl\.m2\repository\org\skyscreamer\jsonassert\1.5.0\jsonassert-1.5.0.jar;C:\Users\boujl\.m2\repository\com\vaadin\external\google\android-json\0.0.20131108.vaadin1\android-json-0.0.20131108.vaadin1.jar;C:\Users\boujl\.m2\repository\org\springframework\spring-core\5.3.13\spring-core-5.3.13.jar;C:\Users\boujl\.m2\repository\org\springframework\spring-jcl\5.3.13\spring-jcl-5.3.13.jar;C:\Users\boujl\.m2\repository\org\springframework\spring-test\5.3.13\spring-test-5.3.13.jar;C:\Users\boujl\.m2\repository\org\xmlunit\xmlunit-core\2.8.3\xmlunit-core-2.8.3.jar;C:\Users\boujl\.m2\repository\junit\junit\4.12\junit-4.12.jar;C:\Users\boujl\.m2\repository\org\hamcrest\hamcrest-core\2.2\hamcrest-core-2.2.jar;"/>
    <property name="sun.cpu.endian" value="little"/>
    <property name="user.home" value="C:\Users\boujl"/>
    <property name="user.language" value="en"/>
    <property name="java.specification.vendor" value="Oracle Corporation"/>
    <property name="java.version.date" value="2021-04-20"/>
    <property name="java.home" value="C:\Program Files\Java\jdk-11.0.11"/>
    <property name="file.separator" value="\"/>
    <property name="basedir" value="C:\Users\boujl\Desktop\bank-account"/>
    <property name="java.vm.compressedOopsMode" value="Zero based"/>
    <property name="line.separator" value="&#10;"/>
    <property name="java.specification.name" value="Java Platform API Specification"/>
    <property name="java.vm.specification.vendor" value="Oracle Corporation"/>
    <property name="java.awt.graphicsenv" value="sun.awt.Win32GraphicsEnvironment"/>
    <property name="surefire.real.class.path" value="C:\Users\boujl\AppData\Local\Temp\surefire4162211439319461697\surefirebooter17483744115211005074.jar"/>
    <property name="user.script" value=""/>
    <property name="sun.management.compiler" value="HotSpot 64-Bit Tiered Compilers"/>
    <property name="java.runtime.version" value="11.0.11+9-LTS-194"/>
    <property name="user.name" value="Manel"/>
    <property name="path.separator" value=";"/>
    <property name="os.version" value="10.0"/>
    <property name="java.runtime.name" value="Java(TM) SE Runtime Environment"/>
    <property name="file.encoding" value="Cp1252"/>
    <property name="java.vm.name" value="Java HotSpot(TM) 64-Bit Server VM"/>
    <property name="java.vendor.version" value="18.9"/>
    <property name="localRepository" value="C:\Users\boujl\.m2\repository"/>
    <property name="java.vendor.url.bug" value="https://bugreport.java.com/bugreport/"/>
    <property name="java.io.tmpdir" value="C:\Users\boujl\AppData\Local\Temp\"/>
    <property name="java.version" value="11.0.11"/>
    <property name="user.dir" value="C:\Users\boujl\Desktop\bank-account"/>
    <property name="os.arch" value="amd64"/>
    <property name="java.vm.specification.name" value="Java Virtual Machine Specification"/>
    <property name="java.awt.printerjob" value="sun.awt.windows.WPrinterJob"/>
    <property name="sun.os.patch.level" value=""/>
    <property name="java.library.path" value="C:\Program Files\Java\jdk-11.0.11\bin;C:\windows\Sun\Java\bin;C:\windows\system32;C:\windows;C:\Program Files\Python37\Scripts\;C:\Program Files\Python37\;C:\Program Files\Common Files\Oracle\Java\javapath;C:\windows\system32;C:\windows;C:\windows\System32\Wbem;C:\windows\System32\WindowsPowerShell\v1.0\;C:\windows\System32\OpenSSH\;C:\Program Files (x86)\NVIDIA Corporation\PhysX\Common;C:\Program Files\NVIDIA Corporation\NVIDIA NvDLISR;C:\Program Files\nodejs\;C:\Program Files\PostgreSQL\13\bin;C:\Program Files\PostgreSQL\13\lib;C:\Program Files\Git\cmd;C:\Program Files (x86)\Odoo 13.0\python;C:\Program Files\PuTTY\;C:\Program Files\apache-maven-3.8.2\bin;C:\Program Files\Amazon\AWSCLIV2\;C:\Gradle\gradle-6.9.1\bin;C:\flutter\bin;C:\bin;;C:\Program Files\dotnet\;C:\Program Files\Microsoft SQL Server\130\Tools\Binn\;C:\Program Files\Microsoft SQL Server\Client SDK\ODBC\170\Tools\Binn\;C:\Program Files\Docker\Docker\resources\bin;C:\ProgramData\DockerDesktop\version-bin;C:\Users\boujl\AppData\Local\Programs\Python\Python39\Scripts\;C:\Users\boujl\AppData\Local\Programs\Python\Python39\;C:\Users\boujl\AppData\Local\Microsoft\WindowsApps;C:\Program Files\JetBrains\IntelliJ IDEA Community Edition 2021.1.1\bin;C:\Users\boujl\AppData\Roaming\npm;C:\Program Files\heroku\bin;C:\Users\boujl\AppData\Local\atom\bin;C:\Users\boujl\AppData\Local\Programs\Microsoft VS Code\bin;C:\Users\boujl\.ebcli-virtual-env\executables;C:\Program Files (x86)\GitHub CLI\;C:\Program Files (x86)\UnxUtils\usr\local\wbin;C:\Users\boujl\.dotnet\tools;."/>
    <property name="java.vendor" value="Oracle Corporation"/>
    <property name="java.vm.info" value="mixed mode"/>
    <property name="java.vm.version" value="11.0.11+9-LTS-194"/>
    <property name="sun.io.unicode.encoding" value="UnicodeLittle"/>
    <property name="java.class.version" value="55.0"/>
  </properties>
  <testcase name="testPrintStatement" classname="com.kata.bankaccount.AccountControllerTests" time="0.274">
    <error message="Could not write JSON: Infinite recursion (StackOverflowError); nested exception is com.fasterxml.jackson.databind.JsonMappingException: Infinite recursion (StackOverflowError) (through reference chain: com.kata.bankaccount.models.Account[&quot;registry&quot;]-&gt;java.util.ArrayList[0]-&gt;com.kata.bankaccount.models.Deposit[&quot;account&quot;]-&gt;com.kata.bankaccount.models.Account[&quot;registry&quot;]-&gt;java.util.ArrayList[0]-&gt;com.kata.bankaccount.models.Deposit[&quot;account&quot;]-&gt;com.kata.bankaccount.models.Account[&quot;registry&quot;]-&gt;java.util.ArrayList[0]-&gt;com.kata.bankaccount.models.Deposit[&quot;account&quot;]-&gt;com.kata.bankaccount.models.Account[&quot;registry&quot;]-&gt;java.util.ArrayList[0]-&gt;com.kata.bankaccount.models.Deposit[&quot;account&quot;]-&gt;com.kata.bankaccount.models.Account[&quot;registry&quot;]-&gt;java.util.ArrayList[0]-&gt;com.kata.bankaccount.models.Deposit[&quot;account&quot;]-&gt;com.kata.bankaccount.models.Account[&quot;registry&quot;]-&gt;java.util.ArrayList[0]-&gt;com.kata.bankaccount.models.Deposit[&quot;account&quot;]-&gt;com.kata.bankaccount.models.Account[&quot;registry&quot;]-&gt;java.util.ArrayList[0]-&gt;com.kata.bankaccount.models.Deposit[&quot;account&quot;]-&gt;com.kata.bankaccount.models.Account[&quot;registry&quot;]-&gt;java.util.ArrayList[0]-&gt;com.kata.bankaccount.models.Deposit[&quot;account&quot;]-&gt;com.kata.bankaccount.models.Account[&quot;registry&quot;]-&gt;java.util.ArrayList[0]-&gt;com.kata.bankaccount.models.Deposit[&quot;account&quot;]-&gt;com.kata.bankaccount.models.Account[&quot;registry&quot;]-&gt;java.util.ArrayList[0]-&gt;com.kata.bankaccount.models.Deposit[&quot;account&quot;]-&gt;com.kata.bankaccount.models.Account[&quot;registry&quot;]-&gt;java.util.ArrayList[0]-&gt;com.kata.bankaccount.models.Deposit[&quot;account&quot;]-&gt;com.kata.bankaccount.models.Account[&quot;registry&quot;]-&gt;java.util.ArrayList[0]-&gt;com.kata.bankaccount.models.Deposit[&quot;account&quot;]-&gt;com.kata.bankaccount.models.Account[&quot;registry&quot;]-&gt;java.util.ArrayList[0]-&gt;com.kata.bankaccount.models.Deposit[&quot;account&quot;]-&gt;com.kata.bankaccount.models.Account[&quot;registry&quot;]-&gt;java.util.ArrayList[0]-&gt;com.kata.bankaccount.models.Deposit[&quot;account&quot;]-&gt;com.kata.bankaccount.models.Account[&quot;registry&quot;]-&gt;java.util.ArrayList[0]-&gt;com.kata.bankaccount.models.Deposit[&quot;account&quot;]-&gt;com.kata.bankaccount.models.Account[&quot;registry&quot;]-&gt;java.util.ArrayList[0]-&gt;com.kata.bankaccount.models.Deposit[&quot;account&quot;]-&gt;com.kata.bankaccount.models.Account[&quot;registry&quot;]-&gt;java.util.ArrayList[0]-&gt;com.kata.bankaccount.models.Deposit[&quot;account&quot;]-&gt;com.kata.bankaccount.models.Account[&quot;registry&quot;]-&gt;java.util.ArrayList[0]-&gt;com.kata.bankaccount.models.Deposit[&quot;account&quot;]-&gt;com.kata.bankaccount.models.Account[&quot;registry&quot;]-&gt;java.util.ArrayList[0]-&gt;com.kata.bankaccount.models.Deposit[&quot;account&quot;]-&gt;com.kata.bankaccount.models.Account[&quot;registry&quot;]-&gt;java.util.ArrayList[0]-&gt;com.kata.bankaccount.models.Deposit[&quot;account&quot;]-&gt;com.kata.bankaccount.models.Account[&quot;registry&quot;]-&gt;java.util.ArrayList[0]-&gt;com.kata.bankaccount.models.Deposit[&quot;account&quot;]-&gt;com.kata.bankaccount.models.Account[&quot;registry&quot;]-&gt;java.util.ArrayList[0]-&gt;com.kata.bankaccount.models.Deposit[&quot;account&quot;]-&gt;com.kata.bankaccount.models.Account[&quot;registry&quot;]-&gt;java.util.ArrayList[0]-&gt;com.kata.bankaccount.models.Deposit[&quot;account&quot;]-&gt;com.kata.bankaccount.models.Account[&quot;registry&quot;]-&gt;java.util.ArrayList[0]-&gt;com.kata.bankaccount.models.Deposit[&quot;account&quot;]-&gt;com.kata.bankaccount.models.Account[&quot;registry&quot;]-&gt;java.util.ArrayList[0]-&gt;com.kata.bankaccount.models.Deposit[&quot;account&quot;]-&gt;com.kata.bankaccount.models.Account[&quot;registry&quot;]-&gt;java.util.ArrayList[0]-&gt;com.kata.bankaccount.models.Deposit[&quot;account&quot;]-&gt;com.kata.bankaccount.models.Account[&quot;registry&quot;]-&gt;java.util.ArrayList[0]-&gt;com.kata.bankaccount.models.Deposit[&quot;account&quot;]-&gt;com.kata.bankaccount.models.Account[&quot;registry&quot;]-&gt;java.util.ArrayList[0]-&gt;com.kata.bankaccount.models.Deposit[&quot;account&quot;]-&gt;com.kata.bankaccount.models.Account[&quot;registry&quot;]-&gt;java.util.ArrayList[0]-&gt;com.kata.bankaccount.models.Deposit[&quot;account&quot;]-&gt;com.kata.bankaccount.models.Account[&quot;registry&quot;]-&gt;java.util.ArrayList[0]-&gt;com.kata.bankaccount.models.Deposit[&quot;account&quot;]-&gt;com.kata.bankaccount.models.Account[&quot;registry&quot;]-&gt;java.util.ArrayList[0]-&gt;com.kata.bankaccount.models.Deposit[&quot;account&quot;]-&gt;com.kata.bankaccount.models.Account[&quot;registry&quot;]-&gt;java.util.ArrayList[0]-&gt;com.kata.bankaccount.models.Deposit[&quot;account&quot;]-&gt;com.kata.bankaccount.models.Account[&quot;registry&quot;]-&gt;java.util.ArrayList[0]-&gt;com.kata.bankaccount.models.Deposit[&quot;account&quot;]-&gt;com.kata.bankaccount.models.Account[&quot;registry&quot;]-&gt;java.util.ArrayList[0]-&gt;com.kata.bankaccount.models.Deposit[&quot;account&quot;]-&gt;com.kata.bankaccount.models.Account[&quot;registry&quot;]-&gt;java.util.ArrayList[0]-&gt;com.kata.bankaccount.models.Deposit[&quot;account&quot;]-&gt;com.kata.bankaccount.models.Account[&quot;registry&quot;]-&gt;java.util.ArrayList[0]-&gt;com.kata.bankaccount.models.Deposit[&quot;account&quot;]-&gt;com.kata.bankaccount.models.Account[&quot;registry&quot;]-&gt;java.util.ArrayList[0]-&gt;com.kata.bankaccount.models.Deposit[&quot;account&quot;]-&gt;com.kata.bankaccount.models.Account[&quot;registry&quot;]-&gt;java.util.ArrayList[0]-&gt;com.kata.bankaccount.models.Deposit[&quot;account&quot;]-&gt;com.kata.bankaccount.models.Account[&quot;registry&quot;]-&gt;java.util.ArrayList[0]-&gt;com.kata.bankaccount.models.Deposit[&quot;account&quot;]-&gt;com.kata.bankaccount.models.Account[&quot;registry&quot;]-&gt;java.util.ArrayList[0]-&gt;com.kata.bankaccount.models.Deposit[&quot;account&quot;]-&gt;com.kata.bankaccount.models.Account[&quot;registry&quot;]-&gt;java.util.ArrayList[0]-&gt;com.kata.bankaccount.models.Deposit[&quot;account&quot;]-&gt;com.kata.bankaccount.models.Account[&quot;registry&quot;]-&gt;java.util.ArrayList[0]-&gt;com.kata.bankaccount.models.Deposit[&quot;account&quot;]-&gt;com.kata.bankaccount.models.Account[&quot;registry&quot;]-&gt;java.util.ArrayList[0]-&gt;com.kata.bankaccount.models.Deposit[&quot;account&quot;]-&gt;com.kata.bankaccount.models.Account[&quot;registry&quot;]-&gt;java.util.ArrayList[0]-&gt;com.kata.bankaccount.models.Deposit[&quot;account&quot;]-&gt;com.kata.bankaccount.models.Account[&quot;registry&quot;]-&gt;java.util.ArrayList[0]-&gt;com.kata.bankaccount.models.Deposit[&quot;account&quot;]-&gt;com.kata.bankaccount.models.Account[&quot;registry&quot;]-&gt;java.util.ArrayList[0]-&gt;com.kata.bankaccount.models.Deposit[&quot;account&quot;]-&gt;com.kata.bankaccount.models.Account[&quot;registry&quot;]-&gt;java.util.ArrayList[0]-&gt;com.kata.bankaccount.models.Deposit[&quot;account&quot;]-&gt;com.kata.bankaccount.models.Account[&quot;registry&quot;]-&gt;java.util.ArrayList[0]-&gt;com.kata.bankaccount.models.Deposit[&quot;account&quot;]-&gt;com.kata.bankaccount.models.Account[&quot;registry&quot;]-&gt;java.util.ArrayList[0]-&gt;com.kata.bankaccount.models.Deposit[&quot;account&quot;]-&gt;com.kata.bankaccount.models.Account[&quot;registry&quot;]-&gt;java.util.ArrayList[0]-&gt;com.kata.bankaccount.models.Deposit[&quot;account&quot;]-&gt;com.kata.bankaccount.models.Account[&quot;registry&quot;]-&gt;java.util.ArrayList[0]-&gt;com.kata.bankaccount.models.Deposit[&quot;account&quot;]-&gt;com.kata.bankaccount.models.Account[&quot;registry&quot;]-&gt;java.util.ArrayList[0]-&gt;com.kata.bankaccount.models.Deposit[&quot;account&quot;]-&gt;com.kata.bankaccount.models.Account[&quot;registry&quot;]-&gt;java.util.ArrayList[0]-&gt;com.kata.bankaccount.models.Deposit[&quot;account&quot;]-&gt;com.kata.bankaccount.models.Account[&quot;registry&quot;]-&gt;java.util.ArrayList[0]-&gt;com.kata.bankaccount.models.Deposit[&quot;account&quot;]-&gt;com.kata.bankaccount.models.Account[&quot;registry&quot;]-&gt;java.util.ArrayList[0]-&gt;com.kata.bankaccount.models.Deposit[&quot;account&quot;]-&gt;com.kata.bankaccount.models.Account[&quot;registry&quot;]-&gt;java.util.ArrayList[0]-&gt;com.kata.bankaccount.models.Deposit[&quot;account&quot;]-&gt;com.kata.bankaccount.models.Account[&quot;registry&quot;]-&gt;java.util.ArrayList[0]-&gt;com.kata.bankaccount.models.Deposit[&quot;account&quot;]-&gt;com.kata.bankaccount.models.Account[&quot;registry&quot;]-&gt;java.util.ArrayList[0]-&gt;com.kata.bankaccount.models.Deposit[&quot;account&quot;]-&gt;com.kata.bankaccount.models.Account[&quot;registry&quot;]-&gt;java.util.ArrayList[0]-&gt;com.kata.bankaccount.models.Deposit[&quot;account&quot;]-&gt;com.kata.bankaccount.models.Account[&quot;registry&quot;]-&gt;java.util.ArrayList[0]-&gt;com.kata.bankaccount.models.Deposit[&quot;account&quot;]-&gt;com.kata.bankaccount.models.Account[&quot;registry&quot;]-&gt;java.util.ArrayList[0]-&gt;com.kata.bankaccount.models.Deposit[&quot;account&quot;]-&gt;com.kata.bankaccount.models.Account[&quot;registry&quot;]-&gt;java.util.ArrayList[0]-&gt;com.kata.bankaccount.models.Deposit[&quot;account&quot;]-&gt;com.kata.bankaccount.models.Account[&quot;registry&quot;]-&gt;java.util.ArrayList[0]-&gt;com.kata.bankaccount.models.Deposit[&quot;account&quot;]-&gt;com.kata.bankaccount.models.Account[&quot;registry&quot;]-&gt;java.util.ArrayList[0]-&gt;com.kata.bankaccount.models.Deposit[&quot;account&quot;]-&gt;com.kata.bankaccount.models.Account[&quot;registry&quot;]-&gt;java.util.ArrayList[0]-&gt;com.kata.bankaccount.models.Deposit[&quot;account&quot;]-&gt;com.kata.bankaccount.models.Account[&quot;registry&quot;]-&gt;java.util.ArrayList[0]-&gt;com.kata.bankaccount.models.Deposit[&quot;account&quot;]-&gt;com.kata.bankaccount.models.Account[&quot;registry&quot;]-&gt;java.util.ArrayList[0]-&gt;com.kata.bankaccount.models.Deposit[&quot;account&quot;]-&gt;com.kata.bankaccount.models.Account[&quot;registry&quot;]-&gt;java.util.ArrayList[0]-&gt;com.kata.bankaccount.models.Deposit[&quot;account&quot;]-&gt;com.kata.bankaccount.models.Account[&quot;registry&quot;]-&gt;java.util.ArrayList[0]-&gt;com.kata.bankaccount.models.Deposit[&quot;account&quot;]-&gt;com.kata.bankaccount.models.Account[&quot;registry&quot;]-&gt;java.util.ArrayList[0]-&gt;com.kata.bankaccount.models.Deposit[&quot;account&quot;]-&gt;com.kata.bankaccount.models.Account[&quot;registry&quot;]-&gt;java.util.ArrayList[0]-&gt;com.kata.bankaccount.models.Deposit[&quot;account&quot;]-&gt;com.kata.bankaccount.models.Account[&quot;registry&quot;]-&gt;java.util.ArrayList[0]-&gt;com.kata.bankaccount.models.Deposit[&quot;account&quot;]-&gt;com.kata.bankaccount.models.Account[&quot;registry&quot;]-&gt;java.util.ArrayList[0]-&gt;com.kata.bankaccount.models.Deposit[&quot;account&quot;]-&gt;com.kata.bankaccount.models.Account[&quot;registry&quot;]-&gt;java.util.ArrayList[0]-&gt;com.kata.bankaccount.models.Deposit[&quot;account&quot;]-&gt;com.kata.bankaccount.models.Account[&quot;registry&quot;]-&gt;java.util.ArrayList[0]-&gt;com.kata.bankaccount.models.Deposit[&quot;account&quot;]-&gt;com.kata.bankaccount.models.Account[&quot;registry&quot;]-&gt;java.util.ArrayList[0]-&gt;com.kata.bankaccount.models.Deposit[&quot;account&quot;]-&gt;com.kata.bankaccount.models.Account[&quot;registry&quot;]-&gt;java.util.ArrayList[0]-&gt;com.kata.bankaccount.models.Deposit[&quot;account&quot;]-&gt;com.kata.bankaccount.models.Account[&quot;registry&quot;]-&gt;java.util.ArrayList[0]-&gt;com.kata.bankaccount.models.Deposit[&quot;account&quot;]-&gt;com.kata.bankaccount.models.Account[&quot;registry&quot;]-&gt;java.util.ArrayList[0]-&gt;com.kata.bankaccount.models.Deposit[&quot;account&quot;]-&gt;com.kata.bankaccount.models.Account[&quot;registry&quot;]-&gt;java.util.ArrayList[0]-&gt;com.kata.bankaccount.models.Deposit[&quot;account&quot;]-&gt;com.kata.bankaccount.models.Account[&quot;registry&quot;]-&gt;java.util.ArrayList[0]-&gt;com.kata.bankaccount.models.Deposit[&quot;account&quot;]-&gt;com.kata.bankaccount.models.Account[&quot;registry&quot;]-&gt;java.util.ArrayList[0]-&gt;com.kata.bankaccount.models.Deposit[&quot;account&quot;]-&gt;com.kata.bankaccount.models.Account[&quot;registry&quot;]-&gt;java.util.ArrayList[0]-&gt;com.kata.bankaccount.models.Deposit[&quot;account&quot;]-&gt;com.kata.bankaccount.models.Account[&quot;registry&quot;]-&gt;java.util.ArrayList[0]-&gt;com.kata.bankaccount.models.Deposit[&quot;account&quot;]-&gt;com.kata.bankaccount.models.Account[&quot;registry&quot;]-&gt;java.util.ArrayList[0]-&gt;com.kata.bankaccount.models.Deposit[&quot;account&quot;]-&gt;com.kata.bankaccount.models.Account[&quot;registry&quot;]-&gt;java.util.ArrayList[0]-&gt;com.kata.bankaccount.models.Deposit[&quot;account&quot;]-&gt;com.kata.bankaccount.models.Account[&quot;registry&quot;]-&gt;java.util.ArrayList[0]-&gt;com.kata.bankaccount.models.Deposit[&quot;account&quot;]-&gt;com.kata.bankaccount.models.Account[&quot;registry&quot;]-&gt;java.util.ArrayList[0]-&gt;com.kata.bankaccount.models.Deposit[&quot;account&quot;]-&gt;com.kata.bankaccount.models.Account[&quot;registry&quot;]-&gt;java.util.ArrayList[0]-&gt;com.kata.bankaccount.models.Deposit[&quot;account&quot;]-&gt;com.kata.bankaccount.models.Account[&quot;registry&quot;]-&gt;java.util.ArrayList[0]-&gt;com.kata.bankaccount.models.Deposit[&quot;account&quot;]-&gt;com.kata.bankaccount.models.Account[&quot;registry&quot;]-&gt;java.util.ArrayList[0]-&gt;com.kata.bankaccount.models.Deposit[&quot;account&quot;]-&gt;com.kata.bankaccount.models.Account[&quot;registry&quot;]-&gt;java.util.ArrayList[0]-&gt;com.kata.bankaccount.models.Deposit[&quot;account&quot;]-&gt;com.kata.bankaccount.models.Account[&quot;registry&quot;]-&gt;java.util.ArrayList[0]-&gt;com.kata.bankaccount.models.Deposit[&quot;account&quot;]-&gt;com.kata.bankaccount.models.Account[&quot;registry&quot;]-&gt;java.util.ArrayList[0]-&gt;com.kata.bankaccount.models.Deposit[&quot;account&quot;]-&gt;com.kata.bankaccount.models.Account[&quot;registry&quot;]-&gt;java.util.ArrayList[0]-&gt;com.kata.bankaccount.models.Deposit[&quot;account&quot;]-&gt;com.kata.bankaccount.models.Account[&quot;registry&quot;]-&gt;java.util.ArrayList[0]-&gt;com.kata.bankaccount.models.Deposit[&quot;account&quot;]-&gt;com.kata.bankaccount.models.Account[&quot;registry&quot;]-&gt;java.util.ArrayList[0]-&gt;com.kata.bankaccount.models.Deposit[&quot;account&quot;]-&gt;com.kata.bankaccount.models.Account[&quot;registry&quot;]-&gt;java.util.ArrayList[0]-&gt;com.kata.bankaccount.models.Deposit[&quot;account&quot;]-&gt;com.kata.bankaccount.models.Account[&quot;registry&quot;]-&gt;java.util.ArrayList[0]-&gt;com.kata.bankaccount.models.Deposit[&quot;account&quot;]-&gt;com.kata.bankaccount.models.Account[&quot;registry&quot;]-&gt;java.util.ArrayList[0]-&gt;com.kata.bankaccount.models.Deposit[&quot;account&quot;]-&gt;com.kata.bankaccount.models.Account[&quot;registry&quot;]-&gt;java.util.ArrayList[0]-&gt;com.kata.bankaccount.models.Deposit[&quot;account&quot;]-&gt;com.kata.bankaccount.models.Account[&quot;registry&quot;]-&gt;java.util.ArrayList[0]-&gt;com.kata.bankaccount.models.Deposit[&quot;account&quot;]-&gt;com.kata.bankaccount.models.Account[&quot;registry&quot;]-&gt;java.util.ArrayList[0]-&gt;com.kata.bankaccount.models.Deposit[&quot;account&quot;]-&gt;com.kata.bankaccount.models.Account[&quot;registry&quot;]-&gt;java.util.ArrayList[0]-&gt;com.kata.bankaccount.models.Deposit[&quot;account&quot;]-&gt;com.kata.bankaccount.models.Account[&quot;registry&quot;]-&gt;java.util.ArrayList[0]-&gt;com.kata.bankaccount.models.Deposit[&quot;account&quot;]-&gt;com.kata.bankaccount.models.Account[&quot;registry&quot;]-&gt;java.util.ArrayList[0]-&gt;com.kata.bankaccount.models.Deposit[&quot;account&quot;]-&gt;com.kata.bankaccount.models.Account[&quot;registry&quot;]-&gt;java.util.ArrayList[0]-&gt;com.kata.bankaccount.models.Deposit[&quot;account&quot;]-&gt;com.kata.bankaccount.models.Account[&quot;registry&quot;]-&gt;java.util.ArrayList[0]-&gt;com.kata.bankaccount.models.Deposit[&quot;account&quot;]-&gt;com.kata.bankaccount.models.Account[&quot;registry&quot;]-&gt;java.util.ArrayList[0]-&gt;com.kata.bankaccount.models.Deposit[&quot;account&quot;]-&gt;com.kata.bankaccount.models.Account[&quot;registry&quot;]-&gt;java.util.ArrayList[0]-&gt;com.kata.bankaccount.models.Deposit[&quot;account&quot;]-&gt;com.kata.bankaccount.models.Account[&quot;registry&quot;]-&gt;java.util.ArrayList[0]-&gt;com.kata.bankaccount.models.Deposit[&quot;account&quot;]-&gt;com.kata.bankaccount.models.Account[&quot;registry&quot;]-&gt;java.util.ArrayList[0]-&gt;com.kata.bankaccount.models.Deposit[&quot;account&quot;]-&gt;com.kata.bankaccount.models.Account[&quot;registry&quot;]-&gt;java.util.ArrayList[0]-&gt;com.kata.bankaccount.models.Deposit[&quot;account&quot;]-&gt;com.kata.bankaccount.models.Account[&quot;registry&quot;]-&gt;java.util.ArrayList[0]-&gt;com.kata.bankaccount.models.Deposit[&quot;account&quot;]-&gt;com.kata.bankaccount.models.Account[&quot;registry&quot;]-&gt;java.util.ArrayList[0]-&gt;com.kata.bankaccount.models.Deposit[&quot;account&quot;]-&gt;com.kata.bankaccount.models.Account[&quot;registry&quot;]-&gt;java.util.ArrayList[0]-&gt;com.kata.bankaccount.models.Deposit[&quot;account&quot;]-&gt;com.kata.bankaccount.models.Account[&quot;registry&quot;]-&gt;java.util.ArrayList[0]-&gt;com.kata.bankaccount.models.Deposit[&quot;account&quot;]-&gt;com.kata.bankaccount.models.Account[&quot;registry&quot;]-&gt;java.util.ArrayList[0]-&gt;com.kata.bankaccount.models.Deposit[&quot;account&quot;]-&gt;com.kata.bankaccount.models.Account[&quot;registry&quot;]-&gt;java.util.ArrayList[0]-&gt;com.kata.bankaccount.models.Deposit[&quot;account&quot;]-&gt;com.kata.bankaccount.models.Account[&quot;registry&quot;]-&gt;java.util.ArrayList[0]-&gt;com.kata.bankaccount.models.Deposit[&quot;account&quot;]-&gt;com.kata.bankaccount.models.Account[&quot;registry&quot;]-&gt;java.util.ArrayList[0]-&gt;com.kata.bankaccount.models.Deposit[&quot;account&quot;]-&gt;com.kata.bankaccount.models.Account[&quot;registry&quot;]-&gt;java.util.ArrayList[0]-&gt;com.kata.bankaccount.models.Deposit[&quot;account&quot;]-&gt;com.kata.bankaccount.models.Account[&quot;registry&quot;]-&gt;java.util.ArrayList[0]-&gt;com.kata.bankaccount.models.Deposit[&quot;account&quot;]-&gt;com.kata.bankaccount.models.Account[&quot;registry&quot;]-&gt;java.util.ArrayList[0]-&gt;com.kata.bankaccount.models.Deposit[&quot;account&quot;]-&gt;com.kata.bankaccount.models.Account[&quot;registry&quot;]-&gt;java.util.ArrayList[0]-&gt;com.kata.bankaccount.models.Deposit[&quot;account&quot;]-&gt;com.kata.bankaccount.models.Account[&quot;registry&quot;]-&gt;java.util.ArrayList[0]-&gt;com.kata.bankaccount.models.Deposit[&quot;account&quot;]-&gt;com.kata.bankaccount.models.Account[&quot;registry&quot;]-&gt;java.util.ArrayList[0]-&gt;com.kata.bankaccount.models.Deposit[&quot;account&quot;]-&gt;com.kata.bankaccount.models.Account[&quot;registry&quot;]-&gt;java.util.ArrayList[0]-&gt;com.kata.bankaccount.models.Deposit[&quot;account&quot;]-&gt;com.kata.bankaccount.models.Account[&quot;registry&quot;]-&gt;java.util.ArrayList[0]-&gt;com.kata.bankaccount.models.Deposit[&quot;account&quot;]-&gt;com.kata.bankaccount.models.Account[&quot;registry&quot;]-&gt;java.util.ArrayList[0]-&gt;com.kata.bankaccount.models.Deposit[&quot;account&quot;]-&gt;com.kata.bankaccount.models.Account[&quot;registry&quot;]-&gt;java.util.ArrayList[0]-&gt;com.kata.bankaccount.models.Deposit[&quot;account&quot;]-&gt;com.kata.bankaccount.models.Account[&quot;registry&quot;]-&gt;java.util.ArrayList[0]-&gt;com.kata.bankaccount.models.Deposit[&quot;account&quot;]-&gt;com.kata.bankaccount.models.Account[&quot;registry&quot;]-&gt;java.util.ArrayList[0]-&gt;com.kata.bankaccount.models.Deposit[&quot;account&quot;]-&gt;com.kata.bankaccount.models.Account[&quot;registry&quot;]-&gt;java.util.ArrayList[0]-&gt;com.kata.bankaccount.models.Deposit[&quot;account&quot;]-&gt;com.kata.bankaccount.models.Account[&quot;registry&quot;]-&gt;java.util.ArrayList[0]-&gt;com.kata.bankaccount.models.Deposit[&quot;account&quot;]-&gt;com.kata.bankaccount.models.Account[&quot;registry&quot;]-&gt;java.util.ArrayList[0]-&gt;com.kata.bankaccount.models.Deposit[&quot;account&quot;]-&gt;com.kata.bankaccount.models.Account[&quot;registry&quot;]-&gt;java.util.ArrayList[0]-&gt;com.kata.bankaccount.models.Deposit[&quot;account&quot;]-&gt;com.kata.bankaccount.models.Account[&quot;registry&quot;]-&gt;java.util.ArrayList[0]-&gt;com.kata.bankaccount.models.Deposit[&quot;account&quot;]-&gt;com.kata.bankaccount.models.Account[&quot;registry&quot;]-&gt;java.util.ArrayList[0]-&gt;com.kata.bankaccount.models.Deposit[&quot;account&quot;]-&gt;com.kata.bankaccount.models.Account[&quot;registry&quot;]-&gt;java.util.ArrayList[0]-&gt;com.kata.bankaccount.models.Deposit[&quot;account&quot;]-&gt;com.kata.bankaccount.models.Account[&quot;registry&quot;]-&gt;java.util.ArrayList[0]-&gt;com.kata.bankaccount.models.Deposit[&quot;account&quot;]-&gt;com.kata.bankaccount.models.Account[&quot;registry&quot;]-&gt;java.util.ArrayList[0]-&gt;com.kata.bankaccount.models.Deposit[&quot;account&quot;]-&gt;com.kata.bankaccount.models.Account[&quot;registry&quot;]-&gt;java.util.ArrayList[0]-&gt;com.kata.bankaccount.models.Deposit[&quot;account&quot;]-&gt;com.kata.bankaccount.models.Account[&quot;registry&quot;]-&gt;java.util.ArrayList[0]-&gt;com.kata.bankaccount.models.Deposit[&quot;account&quot;]-&gt;com.kata.bankaccount.models.Account[&quot;registry&quot;]-&gt;java.util.ArrayList[0]-&gt;com.kata.bankaccount.models.Deposit[&quot;account&quot;]-&gt;com.kata.bankaccount.models.Account[&quot;registry&quot;]-&gt;java.util.ArrayList[0]-&gt;com.kata.bankaccount.models.Deposit[&quot;account&quot;]-&gt;com.kata.bankaccount.models.Account[&quot;registry&quot;]-&gt;java.util.ArrayList[0]-&gt;com.kata.bankaccount.models.Deposit[&quot;account&quot;]-&gt;com.kata.bankaccount.models.Account[&quot;registry&quot;]-&gt;java.util.ArrayList[0]-&gt;com.kata.bankaccount.models.Deposit[&quot;account&quot;]-&gt;com.kata.bankaccount.models.Account[&quot;registry&quot;]-&gt;java.util.ArrayList[0]-&gt;com.kata.bankaccount.models.Deposit[&quot;account&quot;]-&gt;com.kata.bankaccount.models.Account[&quot;registry&quot;]-&gt;java.util.ArrayList[0]-&gt;com.kata.bankaccount.models.Deposit[&quot;account&quot;]-&gt;com.kata.bankaccount.models.Account[&quot;registry&quot;]-&gt;java.util.ArrayList[0]-&gt;com.kata.bankaccount.models.Deposit[&quot;account&quot;]-&gt;com.kata.bankaccount.models.Account[&quot;registry&quot;]-&gt;java.util.ArrayList[0]-&gt;com.kata.bankaccount.models.Deposit[&quot;account&quot;]-&gt;com.kata.bankaccount.models.Account[&quot;registry&quot;]-&gt;java.util.ArrayList[0]-&gt;com.kata.bankaccount.models.Deposit[&quot;account&quot;]-&gt;com.kata.bankaccount.models.Account[&quot;registry&quot;]-&gt;java.util.ArrayList[0]-&gt;com.kata.bankaccount.models.Deposit[&quot;account&quot;]-&gt;com.kata.bankaccount.models.Account[&quot;registry&quot;]-&gt;java.util.ArrayList[0]-&gt;com.kata.bankaccount.models.Deposit[&quot;account&quot;]-&gt;com.kata.bankaccount.models.Account[&quot;registry&quot;]-&gt;java.util.ArrayList[0]-&gt;com.kata.bankaccount.models.Deposit[&quot;account&quot;]-&gt;com.kata.bankaccount.models.Account[&quot;registry&quot;]-&gt;java.util.ArrayList[0]-&gt;com.kata.bankaccount.models.Deposit[&quot;account&quot;]-&gt;com.kata.bankaccount.models.Account[&quot;registry&quot;]-&gt;java.util.ArrayList[0]-&gt;com.kata.bankaccount.models.Deposit[&quot;account&quot;]-&gt;com.kata.bankaccount.models.Account[&quot;registry&quot;]-&gt;java.util.ArrayList[0]-&gt;com.kata.bankaccount.models.Deposit[&quot;account&quot;]-&gt;com.kata.bankaccount.models.Account[&quot;registry&quot;]-&gt;java.util.ArrayList[0]-&gt;com.kata.bankaccount.models.Deposit[&quot;account&quot;]-&gt;com.kata.bankaccount.models.Account[&quot;registry&quot;]-&gt;java.util.ArrayList[0]-&gt;com.kata.bankaccount.models.Deposit[&quot;account&quot;]-&gt;com.kata.bankaccount.models.Account[&quot;registry&quot;]-&gt;java.util.ArrayList[0]-&gt;com.kata.bankaccount.models.Deposit[&quot;account&quot;]-&gt;com.kata.bankaccount.models.Account[&quot;registry&quot;]-&gt;java.util.ArrayList[0]-&gt;com.kata.bankaccount.models.Deposit[&quot;account&quot;]-&gt;com.kata.bankaccount.models.Account[&quot;registry&quot;]-&gt;java.util.ArrayList[0]-&gt;com.kata.bankaccount.models.Deposit[&quot;account&quot;]-&gt;com.kata.bankaccount.models.Account[&quot;registry&quot;]-&gt;java.util.ArrayList[0]-&gt;com.kata.bankaccount.models.Deposit[&quot;account&quot;]-&gt;com.kata.bankaccount.models.Account[&quot;registry&quot;]-&gt;java.util.ArrayList[0]-&gt;com.kata.bankaccount.models.Deposit[&quot;account&quot;]-&gt;com.kata.bankaccount.models.Account[&quot;registry&quot;]-&gt;java.util.ArrayList[0]-&gt;com.kata.bankaccount.models.Deposit[&quot;account&quot;]-&gt;com.kata.bankaccount.models.Account[&quot;registry&quot;]-&gt;java.util.ArrayList[0]-&gt;com.kata.bankaccount.models.Deposit[&quot;account&quot;]-&gt;com.kata.bankaccount.models.Account[&quot;registry&quot;]-&gt;java.util.ArrayList[0]-&gt;com.kata.bankaccount.models.Deposit[&quot;account&quot;]-&gt;com.kata.bankaccount.models.Account[&quot;registry&quot;]-&gt;java.util.ArrayList[0]-&gt;com.kata.bankaccount.models.Deposit[&quot;account&quot;]-&gt;com.kata.bankaccount.models.Account[&quot;registry&quot;]-&gt;java.util.ArrayList[0]-&gt;com.kata.bankaccount.models.Deposit[&quot;account&quot;]-&gt;com.kata.bankaccount.models.Account[&quot;registry&quot;]-&gt;java.util.ArrayList[0]-&gt;com.kata.bankaccount.models.Deposit[&quot;account&quot;]-&gt;com.kata.bankaccount.models.Account[&quot;registry&quot;]-&gt;java.util.ArrayList[0]-&gt;com.kata.bankaccount.models.Deposit[&quot;account&quot;]-&gt;com.kata.bankaccount.models.Account[&quot;registry&quot;]-&gt;java.util.ArrayList[0]-&gt;com.kata.bankaccount.models.Deposit[&quot;account&quot;]-&gt;com.kata.bankaccount.models.Account[&quot;registry&quot;]-&gt;java.util.ArrayList[0]-&gt;com.kata.bankaccount.models.Deposit[&quot;account&quot;]-&gt;com.kata.bankaccount.models.Account[&quot;registry&quot;]-&gt;java.util.ArrayList[0]-&gt;com.kata.bankaccount.models.Deposit[&quot;account&quot;]-&gt;com.kata.bankaccount.models.Account[&quot;registry&quot;]-&gt;java.util.ArrayList[0]-&gt;com.kata.bankaccount.models.Deposit[&quot;account&quot;]-&gt;com.kata.bankaccount.models.Account[&quot;registry&quot;]-&gt;java.util.ArrayList[0]-&gt;com.kata.bankaccount.models.Deposit[&quot;account&quot;]-&gt;com.kata.bankaccount.models.Account[&quot;registry&quot;]-&gt;java.util.ArrayList[0]-&gt;com.kata.bankaccount.models.Deposit[&quot;account&quot;]-&gt;com.kata.bankaccount.models.Account[&quot;registry&quot;]-&gt;java.util.ArrayList[0]-&gt;com.kata.bankaccount.models.Deposit[&quot;account&quot;]-&gt;com.kata.bankaccount.models.Account[&quot;registry&quot;]-&gt;java.util.ArrayList[0]-&gt;com.kata.bankaccount.models.Deposit[&quot;account&quot;]-&gt;com.kata.bankaccount.models.Account[&quot;registry&quot;]-&gt;java.util.ArrayList[0]-&gt;com.kata.bankaccount.models.Deposit[&quot;account&quot;]-&gt;com.kata.bankaccount.models.Account[&quot;registry&quot;]-&gt;java.util.ArrayList[0]-&gt;com.kata.bankaccount.models.Deposit[&quot;account&quot;]-&gt;com.kata.bankaccount.models.Account[&quot;registry&quot;]-&gt;java.util.ArrayList[0]-&gt;com.kata.bankaccount.models.Deposit[&quot;account&quot;]-&gt;com.kata.bankaccount.models.Account[&quot;registry&quot;]-&gt;java.util.ArrayList[0]-&gt;com.kata.bankaccount.models.Deposit[&quot;account&quot;]-&gt;com.kata.bankaccount.models.Account[&quot;registry&quot;]-&gt;java.util.ArrayList[0]-&gt;com.kata.bankaccount.models.Deposit[&quot;account&quot;]-&gt;com.kata.bankaccount.models.Account[&quot;registry&quot;]-&gt;java.util.ArrayList[0]-&gt;com.kata.bankaccount.models.Deposit[&quot;account&quot;]-&gt;com.kata.bankaccount.models.Account[&quot;registry&quot;]-&gt;java.util.ArrayList[0]-&gt;com.kata.bankaccount.models.Deposit[&quot;account&quot;]-&gt;com.kata.bankaccount.models.Account[&quot;registry&quot;]-&gt;java.util.ArrayList[0]-&gt;com.kata.bankaccount.models.Deposit[&quot;account&quot;]-&gt;com.kata.bankaccount.models.Account[&quot;registry&quot;]-&gt;java.util.ArrayList[0]-&gt;com.kata.bankaccount.models.Deposit[&quot;account&quot;]-&gt;com.kata.bankaccount.models.Account[&quot;registry&quot;]-&gt;java.util.ArrayList[0]-&gt;com.kata.bankaccount.models.Deposit[&quot;account&quot;]-&gt;com.kata.bankaccount.models.Account[&quot;registry&quot;]-&gt;java.util.ArrayList[0]-&gt;com.kata.bankaccount.models.Deposit[&quot;account&quot;]-&gt;com.kata.bankaccount.models.Account[&quot;registry&quot;]-&gt;java.util.ArrayList[0]-&gt;com.kata.bankaccount.models.Deposit[&quot;account&quot;]-&gt;com.kata.bankaccount.models.Account[&quot;registry&quot;]-&gt;java.util.ArrayList[0]-&gt;com.kata.bankaccount.models.Deposit[&quot;account&quot;]-&gt;com.kata.bankaccount.models.Account[&quot;registry&quot;]-&gt;java.util.ArrayList[0]-&gt;com.kata.bankaccount.models.Deposit[&quot;account&quot;]-&gt;com.kata.bankaccount.models.Account[&quot;registry&quot;]-&gt;java.util.ArrayList[0]-&gt;com.kata.bankaccount.models.Deposit[&quot;account&quot;]-&gt;com.kata.bankaccount.models.Account[&quot;registry&quot;]-&gt;java.util.ArrayList[0]-&gt;com.kata.bankaccount.models.Deposit[&quot;account&quot;]-&gt;com.kata.bankaccount.models.Account[&quot;registry&quot;]-&gt;java.util.ArrayList[0]-&gt;com.kata.bankaccount.models.Deposit[&quot;account&quot;]-&gt;com.kata.bankaccount.models.Account[&quot;registry&quot;]-&gt;java.util.ArrayList[0]-&gt;com.kata.bankaccount.models.Deposit[&quot;account&quot;]-&gt;com.kata.bankaccount.models.Account[&quot;registry&quot;]-&gt;java.util.ArrayList[0]-&gt;com.kata.bankaccount.models.Deposit[&quot;account&quot;]-&gt;com.kata.bankaccount.models.Account[&quot;registry&quot;]-&gt;java.util.ArrayList[0]-&gt;com.kata.bankaccount.models.Deposit[&quot;account&quot;]-&gt;com.kata.bankaccount.models.Account[&quot;registry&quot;]-&gt;java.util.ArrayList[0]-&gt;com.kata.bankaccount.models.Deposit[&quot;account&quot;]-&gt;com.kata.bankaccount.models.Account[&quot;registry&quot;]-&gt;java.util.ArrayList[0]-&gt;com.kata.bankaccount.models.Deposit[&quot;account&quot;]-&gt;com.kata.bankaccount.models.Account[&quot;registry&quot;]-&gt;java.util.ArrayList[0]-&gt;com.kata.bankaccount.models.Deposit[&quot;account&quot;]-&gt;com.kata.bankaccount.models.Account[&quot;registry&quot;]-&gt;java.util.ArrayList[0]-&gt;com.kata.bankaccount.models.Deposit[&quot;account&quot;]-&gt;com.kata.bankaccount.models.Account[&quot;registry&quot;]-&gt;java.util.ArrayList[0]-&gt;com.kata.bankaccount.models.Deposit[&quot;account&quot;]-&gt;com.kata.bankaccount.models.Account[&quot;registry&quot;]-&gt;java.util.ArrayList[0]-&gt;com.kata.bankaccount.models.Deposit[&quot;account&quot;]-&gt;com.kata.bankaccount.models.Account[&quot;registry&quot;]-&gt;java.util.ArrayList[0]-&gt;com.kata.bankaccount.models.Deposit[&quot;account&quot;]-&gt;com.kata.bankaccount.models.Account[&quot;registry&quot;]-&gt;java.util.ArrayList[0]-&gt;com.kata.bankaccount.models.Deposit[&quot;account&quot;]-&gt;com.kata.bankaccount.models.Account[&quot;registry&quot;]-&gt;java.util.ArrayList[0]-&gt;com.kata.bankaccount.models.Deposit[&quot;account&quot;]-&gt;com.kata.bankaccount.models.Account[&quot;registry&quot;]-&gt;java.util.ArrayList[0]-&gt;com.kata.bankaccount.models.Deposit[&quot;account&quot;]-&gt;com.kata.bankaccount.models.Account[&quot;registry&quot;]-&gt;java.util.ArrayList[0]-&gt;com.kata.bankaccount.models.Deposit[&quot;account&quot;]-&gt;com.kata.bankaccount.models.Account[&quot;registry&quot;]-&gt;java.util.ArrayList[0]-&gt;com.kata.bankaccount.models.Deposit[&quot;account&quot;]-&gt;com.kata.bankaccount.models.Account[&quot;registry&quot;]-&gt;java.util.ArrayList[0]-&gt;com.kata.bankaccount.models.Deposit[&quot;account&quot;]-&gt;com.kata.bankaccount.models.Account[&quot;registry&quot;]-&gt;java.util.ArrayList[0]-&gt;com.kata.bankaccount.models.Deposit[&quot;account&quot;]-&gt;com.kata.bankaccount.models.Account[&quot;registry&quot;]-&gt;java.util.ArrayList[0]-&gt;com.kata.bankaccount.models.Deposit[&quot;account&quot;]-&gt;com.kata.bankaccount.models.Account[&quot;registry&quot;]-&gt;java.util.ArrayList[0]-&gt;com.kata.bankaccount.models.Deposit[&quot;account&quot;]-&gt;com.kata.bankaccount.models.Account[&quot;registry&quot;]-&gt;java.util.ArrayList[0]-&gt;com.kata.bankaccount.models.Deposit[&quot;account&quot;]-&gt;com.kata.bankaccount.models.Account[&quot;registry&quot;]-&gt;java.util.ArrayList[0]-&gt;com.kata.bankaccount.models.Deposit[&quot;account&quot;]-&gt;com.kata.bankaccount.models.Account[&quot;registry&quot;]-&gt;java.util.ArrayList[0]-&gt;com.kata.bankaccount.models.Deposit[&quot;account&quot;]-&gt;com.kata.bankaccount.models.Account[&quot;registry&quot;]-&gt;java.util.ArrayList[0]-&gt;com.kata.bankaccount.models.Deposit[&quot;account&quot;]-&gt;com.kata.bankaccount.models.Account[&quot;registry&quot;]-&gt;java.util.ArrayList[0]-&gt;com.kata.bankaccount.models.Deposit[&quot;account&quot;]-&gt;com.kata.bankaccount.models.Account[&quot;registry&quot;]-&gt;java.util.ArrayList[0]-&gt;com.kata.bankaccount.models.Deposit[&quot;account&quot;]-&gt;com.kata.bankaccount.models.Account[&quot;registry&quot;]-&gt;java.util.ArrayList[0]-&gt;com.kata.bankaccount.models.Deposit[&quot;account&quot;]-&gt;com.kata.bankaccount.models.Account[&quot;registry&quot;]-&gt;java.util.ArrayList[0]-&gt;com.kata.bankaccount.models.Deposit[&quot;account&quot;]-&gt;com.kata.bankaccount.models.Account[&quot;registry&quot;]-&gt;java.util.ArrayList[0]-&gt;com.kata.bankaccount.models.Deposit[&quot;account&quot;]-&gt;com.kata.bankaccount.models.Account[&quot;registry&quot;]-&gt;java.util.ArrayList[0]-&gt;com.kata.bankaccount.models.Deposit[&quot;account&quot;]-&gt;com.kata.bankaccount.models.Account[&quot;registry&quot;]-&gt;java.util.ArrayList[0]-&gt;com.kata.bankaccount.models.Deposit[&quot;account&quot;]-&gt;com.kata.bankaccount.models.Account[&quot;registry&quot;]-&gt;java.util.ArrayList[0]-&gt;com.kata.bankaccount.models.Deposit[&quot;account&quot;]-&gt;com.kata.bankaccount.models.Account[&quot;registry&quot;]-&gt;java.util.ArrayList[0]-&gt;com.kata.bankaccount.models.Deposit[&quot;account&quot;]-&gt;com.kata.bankaccount.models.Account[&quot;registry&quot;]-&gt;java.util.ArrayList[0]-&gt;com.kata.bankaccount.models.Deposit[&quot;account&quot;]-&gt;com.kata.bankaccount.models.Account[&quot;registry&quot;]-&gt;java.util.ArrayList[0]-&gt;com.kata.bankaccount.models.Deposit[&quot;account&quot;]-&gt;com.kata.bankaccount.models.Account[&quot;registry&quot;]-&gt;java.util.ArrayList[0]-&gt;com.kata.bankaccount.models.Deposit[&quot;account&quot;]-&gt;com.kata.bankaccount.models.Account[&quot;registry&quot;]-&gt;java.util.ArrayList[0]-&gt;com.kata.bankaccount.models.Deposit[&quot;account&quot;]-&gt;com.kata.bankaccount.models.Account[&quot;registry&quot;]-&gt;java.util.ArrayList[0]-&gt;com.kata.bankaccount.models.Deposit[&quot;account&quot;]-&gt;com.kata.bankaccount.models.Account[&quot;registry&quot;]-&gt;java.util.ArrayList[0]-&gt;com.kata.bankaccount.models.Deposit[&quot;account&quot;]-&gt;com.kata.bankaccount.models.Account[&quot;registry&quot;]-&gt;java.util.ArrayList[0]-&gt;com.kata.bankaccount.models.Deposit[&quot;account&quot;]-&gt;com.kata.bankaccount.models.Account[&quot;registry&quot;]-&gt;java.util.ArrayList[0]-&gt;com.kata.bankaccount.models.Deposit[&quot;account&quot;]-&gt;com.kata.bankaccount.models.Account[&quot;registry&quot;]-&gt;java.util.ArrayList[0]-&gt;com.kata.bankaccount.models.Deposit[&quot;account&quot;]-&gt;com.kata.bankaccount.models.Account[&quot;registry&quot;]-&gt;java.util.ArrayList[0]-&gt;com.kata.bankaccount.models.Deposit[&quot;account&quot;]-&gt;com.kata.bankaccount.models.Account[&quot;registry&quot;]-&gt;java.util.ArrayList[0]-&gt;com.kata.bankaccount.models.Deposit[&quot;account&quot;]-&gt;com.kata.bankaccount.models.Account[&quot;registry&quot;]-&gt;java.util.ArrayList[0]-&gt;com.kata.bankaccount.models.Deposit[&quot;account&quot;]-&gt;com.kata.bankaccount.models.Account[&quot;registry&quot;]-&gt;java.util.ArrayList[0]-&gt;com.kata.bankaccount.models.Deposit[&quot;account&quot;]-&gt;com.kata.bankaccount.models.Account[&quot;registry&quot;]-&gt;java.util.ArrayList[0]-&gt;com.kata.bankaccount.models.Deposit[&quot;account&quot;]-&gt;com.kata.bankaccount.models.Account[&quot;registry&quot;]-&gt;java.util.ArrayList[0]-&gt;com.kata.bankaccount.models.Deposit[&quot;account&quot;]-&gt;com.kata.bankaccount.models.Account[&quot;registry&quot;]-&gt;java.util.ArrayList[0]-&gt;com.kata.bankaccount.models.Deposit[&quot;account&quot;]-&gt;com.kata.bankaccount.models.Account[&quot;registry&quot;]-&gt;java.util.ArrayList[0]-&gt;com.kata.bankaccount.models.Deposit[&quot;account&quot;]-&gt;com.kata.bankaccount.models.Account[&quot;registry&quot;]-&gt;java.util.ArrayList[0]-&gt;com.kata.bankaccount.models.Deposit[&quot;account&quot;]-&gt;com.kata.bankaccount.models.Account[&quot;registry&quot;]-&gt;java.util.ArrayList[0]-&gt;com.kata.bankaccount.models.Deposit[&quot;account&quot;]-&gt;com.kata.bankaccount.models.Account[&quot;registry&quot;]-&gt;java.util.ArrayList[0]-&gt;com.kata.bankaccount.models.Deposit[&quot;account&quot;]-&gt;com.kata.bankaccount.models.Account[&quot;registry&quot;]-&gt;java.util.ArrayList[0]-&gt;com.kata.bankaccount.models.Deposit[&quot;account&quot;]-&gt;com.kata.bankaccount.models.Account[&quot;registry&quot;]-&gt;java.util.ArrayList[0]-&gt;com.kata.bankaccount.models.Deposit[&quot;account&quot;]-&gt;com.kata.bankaccount.models.Account[&quot;registry&quot;]-&gt;java.util.ArrayList[0]-&gt;com.kata.bankaccount.models.Deposit[&quot;account&quot;]-&gt;com.kata.bankaccount.models.Account[&quot;registry&quot;]-&gt;java.util.ArrayList[0]-&gt;com.kata.bankaccount.models.Deposit[&quot;account&quot;]-&gt;com.kata.bankaccount.models.Account[&quot;registry&quot;]-&gt;java.util.ArrayList[0]-&gt;com.kata.bankaccount.models.Deposit[&quot;account&quot;]-&gt;com.kata.bankaccount.models.Account[&quot;registry&quot;]-&gt;java.util.ArrayList[0]-&gt;com.kata.bankaccount.models.Deposit[&quot;account&quot;]-&gt;com.kata.bankaccount.models.Account[&quot;registry&quot;]-&gt;java.util.ArrayList[0]-&gt;com.kata.bankaccount.models.Deposit[&quot;account&quot;]-&gt;com.kata.bankaccount.models.Account[&quot;registry&quot;]-&gt;java.util.ArrayList[0]-&gt;com.kata.bankaccount.models.Deposit[&quot;account&quot;]-&gt;com.kata.bankaccount.models.Account[&quot;registry&quot;]-&gt;java.util.ArrayList[0]-&gt;com.kata.bankaccount.models.Deposit[&quot;account&quot;]-&gt;com.kata.bankaccount.models.Account[&quot;registry&quot;]-&gt;java.util.ArrayList[0]-&gt;com.kata.bankaccount.models.Deposit[&quot;account&quot;]-&gt;com.kata.bankaccount.models.Account[&quot;registry&quot;]-&gt;java.util.ArrayList[0]-&gt;com.kata.bankaccount.models.Deposit[&quot;account&quot;]-&gt;com.kata.bankaccount.models.Account[&quot;registry&quot;]-&gt;java.util.ArrayList[0]-&gt;com.kata.bankaccount.models.Deposit[&quot;account&quot;]-&gt;com.kata.bankaccount.models.Account[&quot;registry&quot;]-&gt;java.util.ArrayList[0]-&gt;com.kata.bankaccount.models.Deposit[&quot;account&quot;]-&gt;com.kata.bankaccount.models.Account[&quot;registry&quot;]-&gt;java.util.ArrayList[0]-&gt;com.kata.bankaccount.models.Deposit[&quot;account&quot;]-&gt;com.kata.bankaccount.models.Account[&quot;registry&quot;]-&gt;java.util.ArrayList[0]-&gt;com.kata.bankaccount.models.Deposit[&quot;account&quot;]-&gt;com.kata.bankaccount.models.Account[&quot;registry&quot;]-&gt;java.util.ArrayList[0]-&gt;com.kata.bankaccount.models.Deposit[&quot;account&quot;]-&gt;com.kata.bankaccount.models.Account[&quot;registry&quot;]-&gt;java.util.ArrayList[0]-&gt;com.kata.bankaccount.models.Deposit[&quot;account&quot;]-&gt;com.kata.bankaccount.models.Account[&quot;registry&quot;]-&gt;java.util.ArrayList[0]-&gt;com.kata.bankaccount.models.Deposit[&quot;account&quot;]-&gt;com.kata.bankaccount.models.Account[&quot;registry&quot;]-&gt;java.util.ArrayList[0]-&gt;com.kata.bankaccount.models.Deposit[&quot;account&quot;]-&gt;com.kata.bankaccount.models.Account[&quot;registry&quot;]-&gt;java.util.ArrayList[0]-&gt;com.kata.bankaccount.models.Deposit[&quot;account&quot;]-&gt;com.kata.bankaccount.models.Account[&quot;registry&quot;]-&gt;java.util.ArrayList[0]-&gt;com.kata.bankaccount.models.Deposit[&quot;account&quot;]-&gt;com.kata.bankaccount.models.Account[&quot;registry&quot;]-&gt;java.util.ArrayList[0]-&gt;com.kata.bankaccount.models.Deposit[&quot;account&quot;]-&gt;com.kata.bankaccount.models.Account[&quot;registry&quot;]-&gt;java.util.ArrayList[0]-&gt;com.kata.bankaccount.models.Deposit[&quot;account&quot;]-&gt;com.kata.bankaccount.models.Account[&quot;registry&quot;]-&gt;java.util.ArrayList[0]-&gt;com.kata.bankaccount.models.Deposit[&quot;account&quot;]-&gt;com.kata.bankaccount.models.Account[&quot;registry&quot;]-&gt;java.util.ArrayList[0]-&gt;com.kata.bankaccount.models.Deposit[&quot;account&quot;]-&gt;com.kata.bankaccount.models.Account[&quot;registry&quot;]-&gt;java.util.ArrayList[0]-&gt;com.kata.bankaccount.models.Deposit[&quot;account&quot;]-&gt;com.kata.bankaccount.models.Account[&quot;registry&quot;]-&gt;java.util.ArrayList[0]-&gt;com.kata.bankaccount.models.Deposit[&quot;account&quot;]-&gt;com.kata.bankaccount.models.Account[&quot;registry&quot;]-&gt;java.util.ArrayList[0]-&gt;com.kata.bankaccount.models.Deposit[&quot;account&quot;]-&gt;com.kata.bankaccount.models.Account[&quot;registry&quot;]-&gt;java.util.ArrayList[0]-&gt;com.kata.bankaccount.models.Deposit[&quot;account&quot;]-&gt;com.kata.bankaccount.models.Account[&quot;registry&quot;]-&gt;java.util.ArrayList[0]-&gt;com.kata.bankaccount.models.Deposit[&quot;account&quot;]-&gt;com.kata.bankaccount.models.Account[&quot;registry&quot;]-&gt;java.util.ArrayList[0]-&gt;com.kata.bankaccount.models.Deposit[&quot;account&quot;]-&gt;com.kata.bankaccount.models.Account[&quot;registry&quot;]-&gt;java.util.ArrayList[0]-&gt;com.kata.bankaccount.models.Deposit[&quot;account&quot;]-&gt;com.kata.bankaccount.models.Account[&quot;registry&quot;]-&gt;java.util.ArrayList[0]-&gt;com.kata.bankaccount.models.Deposit[&quot;account&quot;]-&gt;com.kata.bankaccount.models.Account[&quot;registry&quot;]-&gt;java.util.ArrayList[0]-&gt;com.kata.bankaccount.models.Deposit[&quot;account&quot;]-&gt;com.kata.bankaccount.models.Account[&quot;registry&quot;]-&gt;java.util.ArrayList[0]-&gt;com.kata.bankaccount.models.Deposit[&quot;account&quot;]-&gt;com.kata.bankaccount.models.Account[&quot;registry&quot;]-&gt;java.util.ArrayList[0]-&gt;com.kata.bankaccount.models.Deposit[&quot;account&quot;]-&gt;com.kata.bankaccount.models.Account[&quot;registry&quot;]-&gt;java.util.ArrayList[0]-&gt;com.kata.bankaccount.models.Deposit[&quot;account&quot;]-&gt;com.kata.bankaccount.models.Account[&quot;registry&quot;]-&gt;java.util.ArrayList[0]-&gt;com.kata.bankaccount.models.Deposit[&quot;account&quot;]-&gt;com.kata.bankaccount.models.Account[&quot;registry&quot;]-&gt;java.util.ArrayList[0]-&gt;com.kata.bankaccount.models.Deposit[&quot;account&quot;]-&gt;com.kata.bankaccount.models.Account[&quot;registry&quot;]-&gt;java.util.ArrayList[0]-&gt;com.kata.bankaccount.models.Deposit[&quot;account&quot;]-&gt;com.kata.bankaccount.models.Account[&quot;registry&quot;]-&gt;java.util.ArrayList[0]-&gt;com.kata.bankaccount.models.Deposit[&quot;account&quot;]-&gt;com.kata.bankaccount.models.Account[&quot;registry&quot;]-&gt;java.util.ArrayList[0]-&gt;com.kata.bankaccount.models.Deposit[&quot;account&quot;]-&gt;com.kata.bankaccount.models.Account[&quot;registry&quot;]-&gt;java.util.ArrayList[0]-&gt;com.kata.bankaccount.models.Deposit[&quot;account&quot;]-&gt;com.kata.bankaccount.models.Account[&quot;registry&quot;]-&gt;java.util.ArrayList[0]-&gt;com.kata.bankaccount.models.Deposit[&quot;account&quot;]-&gt;com.kata.bankaccount.models.Account[&quot;registry&quot;]-&gt;java.util.ArrayList[0]-&gt;com.kata.bankaccount.models.Deposit[&quot;account&quot;]-&gt;com.kata.bankaccount.models.Account[&quot;registry&quot;]-&gt;java.util.ArrayList[0]-&gt;com.kata.bankaccount.models.Deposit[&quot;account&quot;]-&gt;com.kata.bankaccount.models.Account[&quot;registry&quot;]-&gt;java.util.ArrayList[0]-&gt;com.kata.bankaccount.models.Deposit[&quot;account&quot;]-&gt;com.kata.bankaccount.models.Account[&quot;registry&quot;]-&gt;java.util.ArrayList[0]-&gt;com.kata.bankaccount.models.Deposit[&quot;account&quot;]-&gt;com.kata.bankaccount.models.Account[&quot;registry&quot;]-&gt;java.util.ArrayList[0]-&gt;com.kata.bankaccount.models.Deposit[&quot;account&quot;]-&gt;com.kata.bankaccount.models.Account[&quot;registry&quot;]-&gt;java.util.ArrayList[0]-&gt;com.kata.bankaccount.models.Deposit[&quot;account&quot;]-&gt;com.kata.bankaccount.models.Account[&quot;registry&quot;]-&gt;java.util.ArrayList[0]-&gt;com.kata.bankaccount.models.Deposit[&quot;account&quot;]-&gt;com.kata.bankaccount.models.Account[&quot;registry&quot;]-&gt;java.util.ArrayList[0]-&gt;com.kata.bankaccount.models.Deposit[&quot;account&quot;]-&gt;com.kata.bankaccount.models.Account[&quot;registry&quot;]-&gt;java.util.ArrayList[0]-&gt;com.kata.bankaccount.models.Deposit[&quot;account&quot;]-&gt;com.kata.bankaccount.models.Account[&quot;registry&quot;]-&gt;java.util.ArrayList[0]-&gt;com.kata.bankaccount.models.Deposit[&quot;account&quot;]-&gt;com.kata.bankaccount.models.Account[&quot;registry&quot;]-&gt;java.util.ArrayList[0]-&gt;com.kata.bankaccount.models.Deposit[&quot;account&quot;]-&gt;com.kata.bankaccount.models.Account[&quot;registry&quot;]-&gt;java.util.ArrayList[0]-&gt;com.kata.bankaccount.models.Deposit[&quot;account&quot;]-&gt;com.kata.bankaccount.models.Account[&quot;registry&quot;]-&gt;java.util.ArrayList[0]-&gt;com.kata.bankaccount.models.Deposit[&quot;account&quot;]-&gt;com.kata.bankaccount.models.Account[&quot;registry&quot;]-&gt;java.util.ArrayList[0]-&gt;com.kata.bankaccount.models.Deposit[&quot;account&quot;]-&gt;com.kata.bankaccount.models.Account[&quot;registry&quot;]-&gt;java.util.ArrayList[0]-&gt;com.kata.bankaccount.models.Deposit[&quot;account&quot;]-&gt;com.kata.bankaccount.models.Account[&quot;registry&quot;]-&gt;java.util.ArrayList[0]-&gt;com.kata.bankaccount.models.Deposit[&quot;account&quot;]-&gt;com.kata.bankaccount.models.Account[&quot;registry&quot;]-&gt;java.util.ArrayList[0]-&gt;com.kata.bankaccount.models.Deposit[&quot;account&quot;]-&gt;com.kata.bankaccount.models.Account[&quot;registry&quot;]-&gt;java.util.ArrayList[0]-&gt;com.kata.bankaccount.models.Deposit[&quot;account&quot;]-&gt;com.kata.bankaccount.models.Account[&quot;registry&quot;]-&gt;java.util.ArrayList[0]-&gt;com.kata.bankaccount.models.Deposit[&quot;account&quot;]-&gt;com.kata.bankaccount.models.Account[&quot;registry&quot;]-&gt;java.util.ArrayList[0]-&gt;com.kata.bankaccount.models.Deposit[&quot;account&quot;]-&gt;com.kata.bankaccount.models.Account[&quot;registry&quot;]-&gt;java.util.ArrayList[0]-&gt;com.kata.bankaccount.models.Deposit[&quot;account&quot;]-&gt;com.kata.bankaccount.models.Account[&quot;registry&quot;]-&gt;java.util.ArrayList[0]-&gt;com.kata.bankaccount.models.Deposit[&quot;account&quot;]-&gt;com.kata.bankaccount.models.Account[&quot;registry&quot;]-&gt;java.util.ArrayList[0]-&gt;com.kata.bankaccount.models.Deposit[&quot;account&quot;]-&gt;com.kata.bankaccount.models.Account[&quot;registry&quot;]-&gt;java.util.ArrayList[0]-&gt;com.kata.bankaccount.models.Deposit[&quot;account&quot;]-&gt;com.kata.bankaccount.models.Account[&quot;registry&quot;]-&gt;java.util.ArrayList[0]-&gt;com.kata.bankaccount.models.Deposit[&quot;account&quot;]-&gt;com.kata.bankaccount.models.Account[&quot;registry&quot;]-&gt;java.util.ArrayList[0]-&gt;com.kata.bankaccount.models.Deposit[&quot;account&quot;]-&gt;com.kata.bankaccount.models.Account[&quot;registry&quot;]-&gt;java.util.ArrayList[0]-&gt;com.kata.bankaccount.models.Deposit[&quot;account&quot;]-&gt;com.kata.bankaccount.models.Account[&quot;registry&quot;]-&gt;java.util.ArrayList[0]-&gt;com.kata.bankaccount.models.Deposit[&quot;account&quot;]-&gt;com.kata.bankaccount.models.Account[&quot;registry&quot;]-&gt;java.util.ArrayList[0]-&gt;com.kata.bankaccount.models.Deposit[&quot;account&quot;]-&gt;com.kata.bankaccount.models.Account[&quot;registry&quot;]-&gt;java.util.ArrayList[0]-&gt;com.kata.bankaccount.models.Deposit[&quot;account&quot;]-&gt;com.kata.bankaccount.models.Account[&quot;registry&quot;]-&gt;java.util.ArrayList[0]-&gt;com.kata.bankaccount.models.Deposit[&quot;account&quot;]-&gt;com.kata.bankaccount.models.Account[&quot;registry&quot;]-&gt;java.util.ArrayList[0]-&gt;com.kata.bankaccount.models.Deposit[&quot;account&quot;]-&gt;com.kata.bankaccount.models.Account[&quot;registry&quot;]-&gt;java.util.ArrayList[0]-&gt;com.kata.bankaccount.models.Deposit[&quot;account&quot;]-&gt;com.kata.bankaccount.models.Account[&quot;registry&quot;]-&gt;java.util.ArrayList[0]-&gt;com.kata.bankaccount.models.Deposit[&quot;account&quot;]-&gt;com.kata.bankaccount.models.Account[&quot;registry&quot;]-&gt;java.util.ArrayList[0]-&gt;com.kata.bankaccount.models.Deposit[&quot;account&quot;]-&gt;com.kata.bankaccount.models.Account[&quot;registry&quot;]-&gt;java.util.ArrayList[0]-&gt;com.kata.bankaccount.models.Deposit[&quot;account&quot;]-&gt;com.kata.bankaccount.models.Account[&quot;registry&quot;]-&gt;java.util.ArrayList[0]-&gt;com.kata.bankaccount.models.Deposit[&quot;account&quot;]-&gt;com.kata.bankaccount.models.Account[&quot;registry&quot;]-&gt;java.util.ArrayList[0]-&gt;com.kata.bankaccount.models.Deposit[&quot;account&quot;]-&gt;com.kata.bankaccount.models.Account[&quot;registry&quot;]-&gt;java.util.ArrayList[0]-&gt;com.kata.bankaccount.models.Deposit[&quot;account&quot;]-&gt;com.kata.bankaccount.models.Account[&quot;registry&quot;])" type="org.springframework.http.converter.HttpMessageNotWritableException">org.springframework.http.converter.HttpMessageNotWritableException: Could not write JSON: Infinite recursion (StackOverflowError); nested exception is com.fasterxml.jackson.databind.JsonMappingException: Infinite recursion (StackOverflowError) (through reference chain: com.kata.bankaccount.models.Account["registry"]->java.util.ArrayList[0]->com.kata.bankaccount.models.Deposit["account"]->com.kata.bankaccount.models.Account["registry"]->java.util.ArrayList[0]->com.kata.bankaccount.models.Deposit["account"]->com.kata.bankaccount.models.Account["registry"]->java.util.ArrayList[0]->com.kata.bankaccount.models.Deposit["account"]->com.kata.bankaccount.models.Account["registry"]->java.util.ArrayList[0]->com.kata.bankaccount.models.Deposit["account"]->com.kata.bankaccount.models.Account["registry"]->java.util.ArrayList[0]->com.kata.bankaccount.models.Deposit["account"]->com.kata.bankaccount.models.Account["registry"]->java.util.ArrayList[0]->com.kata.bankaccount.models.Deposit["account"]->com.kata.bankaccount.models.Account["registry"]->java.util.ArrayList[0]->com.kata.bankaccount.models.Deposit["account"]->com.kata.bankaccount.models.Account["registry"]->java.util.ArrayList[0]->com.kata.bankaccount.models.Deposit["account"]->com.kata.bankaccount.models.Account["registry"]->java.util.ArrayList[0]->com.kata.bankaccount.models.Deposit["account"]->com.kata.bankaccount.models.Account["registry"]->java.util.ArrayList[0]->com.kata.bankaccount.models.Deposit["account"]->com.kata.bankaccount.models.Account["registry"]->java.util.ArrayList[0]->com.kata.bankaccount.models.Deposit["account"]->com.kata.bankaccount.models.Account["registry"]->java.util.ArrayList[0]->com.kata.bankaccount.models.Deposit["account"]->com.kata.bankaccount.models.Account["registry"]->java.util.ArrayList[0]->com.kata.bankaccount.models.Deposit["account"]->com.kata.bankaccount.models.Account["registry"]->java.util.ArrayList[0]->com.kata.bankaccount.models.Deposit["account"]->com.kata.bankaccount.models.Account["registry"]->java.util.ArrayList[0]->com.kata.bankaccount.models.Deposit["account"]->com.kata.bankaccount.models.Account["registry"]->java.util.ArrayList[0]->com.kata.bankaccount.models.Deposit["account"]->com.kata.bankaccount.models.Account["registry"]->java.util.ArrayList[0]->com.kata.bankaccount.models.Deposit["account"]->com.kata.bankaccount.models.Account["registry"]->java.util.ArrayList[0]->com.kata.bankaccount.models.Deposit["account"]->com.kata.bankaccount.models.Account["registry"]->java.util.ArrayList[0]->com.kata.bankaccount.models.Deposit["account"]->com.kata.bankaccount.models.Account["registry"]->java.util.ArrayList[0]->com.kata.bankaccount.models.Deposit["account"]->com.kata.bankaccount.models.Account["registry"]->java.util.ArrayList[0]->com.kata.bankaccount.models.Deposit["account"]->com.kata.bankaccount.models.Account["registry"]->java.util.ArrayList[0]->com.kata.bankaccount.models.Deposit["account"]->com.kata.bankaccount.models.Account["registry"]->java.util.ArrayList[0]->com.kata.bankaccount.models.Deposit["account"]->com.kata.bankaccount.models.Account["registry"]->java.util.ArrayList[0]->com.kata.bankaccount.models.Deposit["account"]->com.kata.bankaccount.models.Account["registry"]->java.util.ArrayList[0]->com.kata.bankaccount.models.Deposit["account"]->com.kata.bankaccount.models.Account["registry"]->java.util.ArrayList[0]->com.kata.bankaccount.models.Deposit["account"]->com.kata.bankaccount.models.Account["registry"]->java.util.ArrayList[0]->com.kata.bankaccount.models.Deposit["account"]->com.kata.bankaccount.models.Account["registry"]->java.util.ArrayList[0]->com.kata.bankaccount.models.Deposit["account"]->com.kata.bankaccount.models.Account["registry"]->java.util.ArrayList[0]->com.kata.bankaccount.models.Deposit["account"]->com.kata.bankaccount.models.Account["registry"]->java.util.ArrayList[0]->com.kata.bankaccount.models.Deposit["account"]->com.kata.bankaccount.models.Account["registry"]->java.util.ArrayList[0]->com.kata.bankaccount.models.Deposit["account"]->com.kata.bankaccount.models.Account["registry"]->java.util.ArrayList[0]->com.kata.bankaccount.models.Deposit["account"]->com.kata.bankaccount.models.Account["registry"]->java.util.ArrayList[0]->com.kata.bankaccount.models.Deposit["account"]->com.kata.bankaccount.models.Account["registry"]->java.util.ArrayList[0]->com.kata.bankaccount.models.Deposit["account"]->com.kata.bankaccount.models.Account["registry"]->java.util.ArrayList[0]->com.kata.bankaccount.models.Deposit["account"]->com.kata.bankaccount.models.Account["registry"]->java.util.ArrayList[0]->com.kata.bankaccount.models.Deposit["account"]->com.kata.bankaccount.models.Account["registry"]->java.util.ArrayList[0]->com.kata.bankaccount.models.Deposit["account"]->com.kata.bankaccount.models.Account["registry"]->java.util.ArrayList[0]->com.kata.bankaccount.models.Deposit["account"]->com.kata.bankaccount.models.Account["registry"]->java.util.ArrayList[0]->com.kata.bankaccount.models.Deposit["account"]->com.kata.bankaccount.models.Account["registry"]->java.util.ArrayList[0]->com.kata.bankaccount.models.Deposit["account"]->com.kata.bankaccount.models.Account["registry"]->java.util.ArrayList[0]->com.kata.bankaccount.models.Deposit["account"]->com.kata.bankaccount.models.Account["registry"]->java.util.ArrayList[0]->com.kata.bankaccount.models.Deposit["account"]->com.kata.bankaccount.models.Account["registry"]->java.util.ArrayList[0]->com.kata.bankaccount.models.Deposit["account"]->com.kata.bankaccount.models.Account["registry"]->java.util.ArrayList[0]->com.kata.bankaccount.models.Deposit["account"]->com.kata.bankaccount.models.Account["registry"]->java.util.ArrayList[0]->com.kata.bankaccount.models.Deposit["account"]->com.kata.bankaccount.models.Account["registry"]->java.util.ArrayList[0]->com.kata.bankaccount.models.Deposit["account"]->com.kata.bankaccount.models.Account["registry"]->java.util.ArrayList[0]->com.kata.bankaccount.models.Deposit["account"]->com.kata.bankaccount.models.Account["registry"]->java.util.ArrayList[0]->com.kata.bankaccount.models.Deposit["account"]->com.kata.bankaccount.models.Account["registry"]->java.util.ArrayList[0]->com.kata.bankaccount.models.Deposit["account"]->com.kata.bankaccount.models.Account["registry"]->java.util.ArrayList[0]->com.kata.bankaccount.models.Deposit["account"]->com.kata.bankaccount.models.Account["registry"]->java.util.ArrayList[0]->com.kata.bankaccount.models.Deposit["account"]->com.kata.bankaccount.models.Account["registry"]->java.util.ArrayList[0]->com.kata.bankaccount.models.Deposit["account"]->com.kata.bankaccount.models.Account["registry"]->java.util.ArrayList[0]->com.kata.bankaccount.models.Deposit["account"]->com.kata.bankaccount.models.Account["registry"]->java.util.ArrayList[0]->com.kata.bankaccount.models.Deposit["account"]->com.kata.bankaccount.models.Account["registry"]->java.util.ArrayList[0]->com.kata.bankaccount.models.Deposit["account"]->com.kata.bankaccount.models.Account["registry"]->java.util.ArrayList[0]->com.kata.bankaccount.models.Deposit["account"]->com.kata.bankaccount.models.Account["registry"]->java.util.ArrayList[0]->com.kata.bankaccount.models.Deposit["account"]->com.kata.bankaccount.models.Account["registry"]->java.util.ArrayList[0]->com.kata.bankaccount.models.Deposit["account"]->com.kata.bankaccount.models.Account["registry"]->java.util.ArrayList[0]->com.kata.bankaccount.models.Deposit["account"]->com.kata.bankaccount.models.Account["registry"]->java.util.ArrayList[0]->com.kata.bankaccount.models.Deposit["account"]->com.kata.bankaccount.models.Account["registry"]->java.util.ArrayList[0]->com.kata.bankaccount.models.Deposit["account"]->com.kata.bankaccount.models.Account["registry"]->java.util.ArrayList[0]->com.kata.bankaccount.models.Deposit["account"]->com.kata.bankaccount.models.Account["registry"]->java.util.ArrayList[0]->com.kata.bankaccount.models.Deposit["account"]->com.kata.bankaccount.models.Account["registry"]->java.util.ArrayList[0]->com.kata.bankaccount.models.Deposit["account"]->com.kata.bankaccount.models.Account["registry"]->java.util.ArrayList[0]->com.kata.bankaccount.models.Deposit["account"]->com.kata.bankaccount.models.Account["registry"]->java.util.ArrayList[0]->com.kata.bankaccount.models.Deposit["account"]->com.kata.bankaccount.models.Account["registry"]->java.util.ArrayList[0]->com.kata.bankaccount.models.Deposit["account"]->com.kata.bankaccount.models.Account["registry"]->java.util.ArrayList[0]->com.kata.bankaccount.models.Deposit["account"]->com.kata.bankaccount.models.Account["registry"]->java.util.ArrayList[0]->com.kata.bankaccount.models.Deposit["account"]->com.kata.bankaccount.models.Account["registry"]->java.util.ArrayList[0]->com.kata.bankaccount.models.Deposit["account"]->com.kata.bankaccount.models.Account["registry"]->java.util.ArrayList[0]->com.kata.bankaccount.models.Deposit["account"]->com.kata.bankaccount.models.Account["registry"]->java.util.ArrayList[0]->com.kata.bankaccount.models.Deposit["account"]->com.kata.bankaccount.models.Account["registry"]->java.util.ArrayList[0]->com.kata.bankaccount.models.Deposit["account"]->com.kata.bankaccount.models.Account["registry"]->java.util.ArrayList[0]->com.kata.bankaccount.models.Deposit["account"]->com.kata.bankaccount.models.Account["registry"]->java.util.ArrayList[0]->com.kata.bankaccount.models.Deposit["account"]->com.kata.bankaccount.models.Account["registry"]->java.util.ArrayList[0]->com.kata.bankaccount.models.Deposit["account"]->com.kata.bankaccount.models.Account["registry"]->java.util.ArrayList[0]->com.kata.bankaccount.models.Deposit["account"]->com.kata.bankaccount.models.Account["registry"]->java.util.ArrayList[0]->com.kata.bankaccount.models.Deposit["account"]->com.kata.bankaccount.models.Account["registry"]->java.util.ArrayList[0]->com.kata.bankaccount.models.Deposit["account"]->com.kata.bankaccount.models.Account["registry"]->java.util.ArrayList[0]->com.kata.bankaccount.models.Deposit["account"]->com.kata.bankaccount.models.Account["registry"]->java.util.ArrayList[0]->com.kata.bankaccount.models.Deposit["account"]->com.kata.bankaccount.models.Account["registry"]->java.util.ArrayList[0]->com.kata.bankaccount.models.Deposit["account"]->com.kata.bankaccount.models.Account["registry"]->java.util.ArrayList[0]->com.kata.bankaccount.models.Deposit["account"]->com.kata.bankaccount.models.Account["registry"]->java.util.ArrayList[0]->com.kata.bankaccount.models.Deposit["account"]->com.kata.bankaccount.models.Account["registry"]->java.util.ArrayList[0]->com.kata.bankaccount.models.Deposit["account"]->com.kata.bankaccount.models.Account["registry"]->java.util.ArrayList[0]->com.kata.bankaccount.models.Deposit["account"]->com.kata.bankaccount.models.Account["registry"]->java.util.ArrayList[0]->com.kata.bankaccount.models.Deposit["account"]->com.kata.bankaccount.models.Account["registry"]->java.util.ArrayList[0]->com.kata.bankaccount.models.Deposit["account"]->com.kata.bankaccount.models.Account["registry"]->java.util.ArrayList[0]->com.kata.bankaccount.models.Deposit["account"]->com.kata.bankaccount.models.Account["registry"]->java.util.ArrayList[0]->com.kata.bankaccount.models.Deposit["account"]->com.kata.bankaccount.models.Account["registry"]->java.util.ArrayList[0]->com.kata.bankaccount.models.Deposit["account"]->com.kata.bankaccount.models.Account["registry"]->java.util.ArrayList[0]->com.kata.bankaccount.models.Deposit["account"]->com.kata.bankaccount.models.Account["registry"]->java.util.ArrayList[0]->com.kata.bankaccount.models.Deposit["account"]->com.kata.bankaccount.models.Account["registry"]->java.util.ArrayList[0]->com.kata.bankaccount.models.Deposit["account"]->com.kata.bankaccount.models.Account["registry"]->java.util.ArrayList[0]->com.kata.bankaccount.models.Deposit["account"]->com.kata.bankaccount.models.Account["registry"]->java.util.ArrayList[0]->com.kata.bankaccount.models.Deposit["account"]->com.kata.bankaccount.models.Account["registry"]->java.util.ArrayList[0]->com.kata.bankaccount.models.Deposit["account"]->com.kata.bankaccount.models.Account["registry"]->java.util.ArrayList[0]->com.kata.bankaccount.models.Deposit["account"]->com.kata.bankaccount.models.Account["registry"]->java.util.ArrayList[0]->com.kata.bankaccount.models.Deposit["account"]->com.kata.bankaccount.models.Account["registry"]->java.util.ArrayList[0]->com.kata.bankaccount.models.Deposit["account"]->com.kata.bankaccount.models.Account["registry"]->java.util.ArrayList[0]->com.kata.bankaccount.models.Deposit["account"]->com.kata.bankaccount.models.Account["registry"]->java.util.ArrayList[0]->com.kata.bankaccount.models.Deposit["account"]->com.kata.bankaccount.models.Account["registry"]->java.util.ArrayList[0]->com.kata.bankaccount.models.Deposit["account"]->com.kata.bankaccount.models.Account["registry"]->java.util.ArrayList[0]->com.kata.bankaccount.models.Deposit["account"]->com.kata.bankaccount.models.Account["registry"]->java.util.ArrayList[0]->com.kata.bankaccount.models.Deposit["account"]->com.kata.bankaccount.models.Account["registry"]->java.util.ArrayList[0]->com.kata.bankaccount.models.Deposit["account"]->com.kata.bankaccount.models.Account["registry"]->java.util.ArrayList[0]->com.kata.bankaccount.models.Deposit["account"]->com.kata.bankaccount.models.Account["registry"]->java.util.ArrayList[0]->com.kata.bankaccount.models.Deposit["account"]->com.kata.bankaccount.models.Account["registry"]->java.util.ArrayList[0]->com.kata.bankaccount.models.Deposit["account"]->com.kata.bankaccount.models.Account["registry"]->java.util.ArrayList[0]->com.kata.bankaccount.models.Deposit["account"]->com.kata.bankaccount.models.Account["registry"]->java.util.ArrayList[0]->com.kata.bankaccount.models.Deposit["account"]->com.kata.bankaccount.models.Account["registry"]->java.util.ArrayList[0]->com.kata.bankaccount.models.Deposit["account"]->com.kata.bankaccount.models.Account["registry"]->java.util.ArrayList[0]->com.kata.bankaccount.models.Deposit["account"]->com.kata.bankaccount.models.Account["registry"]->java.util.ArrayList[0]->com.kata.bankaccount.models.Deposit["account"]->com.kata.bankaccount.models.Account["registry"]->java.util.ArrayList[0]->com.kata.bankaccount.models.Deposit["account"]->com.kata.bankaccount.models.Account["registry"]->java.util.ArrayList[0]->com.kata.bankaccount.models.Deposit["account"]->com.kata.bankaccount.models.Account["registry"]->java.util.ArrayList[0]->com.kata.bankaccount.models.Deposit["account"]->com.kata.bankaccount.models.Account["registry"]->java.util.ArrayList[0]->com.kata.bankaccount.models.Deposit["account"]->com.kata.bankaccount.models.Account["registry"]->java.util.ArrayList[0]->com.kata.bankaccount.models.Deposit["account"]->com.kata.bankaccount.models.Account["registry"]->java.util.ArrayList[0]->com.kata.bankaccount.models.Deposit["account"]->com.kata.bankaccount.models.Account["registry"]->java.util.ArrayList[0]->com.kata.bankaccount.models.Deposit["account"]->com.kata.bankaccount.models.Account["registry"]->java.util.ArrayList[0]->com.kata.bankaccount.models.Deposit["account"]->com.kata.bankaccount.models.Account["registry"]->java.util.ArrayList[0]->com.kata.bankaccount.models.Deposit["account"]->com.kata.bankaccount.models.Account["registry"]->java.util.ArrayList[0]->com.kata.bankaccount.models.Deposit["account"]->com.kata.bankaccount.models.Account["registry"]->java.util.ArrayList[0]->com.kata.bankaccount.models.Deposit["account"]->com.kata.bankaccount.models.Account["registry"]->java.util.ArrayList[0]->com.kata.bankaccount.models.Deposit["account"]->com.kata.bankaccount.models.Account["registry"]->java.util.ArrayList[0]->com.kata.bankaccount.models.Deposit["account"]->com.kata.bankaccount.models.Account["registry"]->java.util.ArrayList[0]->com.kata.bankaccount.models.Deposit["account"]->com.kata.bankaccount.models.Account["registry"]->java.util.ArrayList[0]->com.kata.bankaccount.models.Deposit["account"]->com.kata.bankaccount.models.Account["registry"]->java.util.ArrayList[0]->com.kata.bankaccount.models.Deposit["account"]->com.kata.bankaccount.models.Account["registry"]->java.util.ArrayList[0]->com.kata.bankaccount.models.Deposit["account"]->com.kata.bankaccount.models.Account["registry"]->java.util.ArrayList[0]->com.kata.bankaccount.models.Deposit["account"]->com.kata.bankaccount.models.Account["registry"]->java.util.ArrayList[0]->com.kata.bankaccount.models.Deposit["account"]->com.kata.bankaccount.models.Account["registry"]->java.util.ArrayList[0]->com.kata.bankaccount.models.Deposit["account"]->com.kata.bankaccount.models.Account["registry"]->java.util.ArrayList[0]->com.kata.bankaccount.models.Deposit["account"]->com.kata.bankaccount.models.Account["registry"]->java.util.ArrayList[0]->com.kata.bankaccount.models.Deposit["account"]->com.kata.bankaccount.models.Account["registry"]->java.util.ArrayList[0]->com.kata.bankaccount.models.Deposit["account"]->com.kata.bankaccount.models.Account["registry"]->java.util.ArrayList[0]->com.kata.bankaccount.models.Deposit["account"]->com.kata.bankaccount.models.Account["registry"]->java.util.ArrayList[0]->com.kata.bankaccount.models.Deposit["account"]->com.kata.bankaccount.models.Account["registry"]->java.util.ArrayList[0]->com.kata.bankaccount.models.Deposit["account"]->com.kata.bankaccount.models.Account["registry"]->java.util.ArrayList[0]->com.kata.bankaccount.models.Deposit["account"]->com.kata.bankaccount.models.Account["registry"]->java.util.ArrayList[0]->com.kata.bankaccount.models.Deposit["account"]->com.kata.bankaccount.models.Account["registry"]->java.util.ArrayList[0]->com.kata.bankaccount.models.Deposit["account"]->com.kata.bankaccount.models.Account["registry"]->java.util.ArrayList[0]->com.kata.bankaccount.models.Deposit["account"]->com.kata.bankaccount.models.Account["registry"]->java.util.ArrayList[0]->com.kata.bankaccount.models.Deposit["account"]->com.kata.bankaccount.models.Account["registry"]->java.util.ArrayList[0]->com.kata.bankaccount.models.Deposit["account"]->com.kata.bankaccount.models.Account["registry"]->java.util.ArrayList[0]->com.kata.bankaccount.models.Deposit["account"]->com.kata.bankaccount.models.Account["registry"]->java.util.ArrayList[0]->com.kata.bankaccount.models.Deposit["account"]->com.kata.bankaccount.models.Account["registry"]->java.util.ArrayList[0]->com.kata.bankaccount.models.Deposit["account"]->com.kata.bankaccount.models.Account["registry"]->java.util.ArrayList[0]->com.kata.bankaccount.models.Deposit["account"]->com.kata.bankaccount.models.Account["registry"]->java.util.ArrayList[0]->com.kata.bankaccount.models.Deposit["account"]->com.kata.bankaccount.models.Account["registry"]->java.util.ArrayList[0]->com.kata.bankaccount.models.Deposit["account"]->com.kata.bankaccount.models.Account["registry"]->java.util.ArrayList[0]->com.kata.bankaccount.models.Deposit["account"]->com.kata.bankaccount.models.Account["registry"]->java.util.ArrayList[0]->com.kata.bankaccount.models.Deposit["account"]->com.kata.bankaccount.models.Account["registry"]->java.util.ArrayList[0]->com.kata.bankaccount.models.Deposit["account"]->com.kata.bankaccount.models.Account["registry"]->java.util.ArrayList[0]->com.kata.bankaccount.models.Deposit["account"]->com.kata.bankaccount.models.Account["registry"]->java.util.ArrayList[0]->com.kata.bankaccount.models.Deposit["account"]->com.kata.bankaccount.models.Account["registry"]->java.util.ArrayList[0]->com.kata.bankaccount.models.Deposit["account"]->com.kata.bankaccount.models.Account["registry"]->java.util.ArrayList[0]->com.kata.bankaccount.models.Deposit["account"]->com.kata.bankaccount.models.Account["registry"]->java.util.ArrayList[0]->com.kata.bankaccount.models.Deposit["account"]->com.kata.bankaccount.models.Account["registry"]->java.util.ArrayList[0]->com.kata.bankaccount.models.Deposit["account"]->com.kata.bankaccount.models.Account["registry"]->java.util.ArrayList[0]->com.kata.bankaccount.models.Deposit["account"]->com.kata.bankaccount.models.Account["registry"]->java.util.ArrayList[0]->com.kata.bankaccount.models.Deposit["account"]->com.kata.bankaccount.models.Account["registry"]->java.util.ArrayList[0]->com.kata.bankaccount.models.Deposit["account"]->com.kata.bankaccount.models.Account["registry"]->java.util.ArrayList[0]->com.kata.bankaccount.models.Deposit["account"]->com.kata.bankaccount.models.Account["registry"]->java.util.ArrayList[0]->com.kata.bankaccount.models.Deposit["account"]->com.kata.bankaccount.models.Account["registry"]->java.util.ArrayList[0]->com.kata.bankaccount.models.Deposit["account"]->com.kata.bankaccount.models.Account["registry"]->java.util.ArrayList[0]->com.kata.bankaccount.models.Deposit["account"]->com.kata.bankaccount.models.Account["registry"]->java.util.ArrayList[0]->com.kata.bankaccount.models.Deposit["account"]->com.kata.bankaccount.models.Account["registry"]->java.util.ArrayList[0]->com.kata.bankaccount.models.Deposit["account"]->com.kata.bankaccount.models.Account["registry"]->java.util.ArrayList[0]->com.kata.bankaccount.models.Deposit["account"]->com.kata.bankaccount.models.Account["registry"]->java.util.ArrayList[0]->com.kata.bankaccount.models.Deposit["account"]->com.kata.bankaccount.models.Account["registry"]->java.util.ArrayList[0]->com.kata.bankaccount.models.Deposit["account"]->com.kata.bankaccount.models.Account["registry"]->java.util.ArrayList[0]->com.kata.bankaccount.models.Deposit["account"]->com.kata.bankaccount.models.Account["registry"]->java.util.ArrayList[0]->com.kata.bankaccount.models.Deposit["account"]->com.kata.bankaccount.models.Account["registry"]->java.util.ArrayList[0]->com.kata.bankaccount.models.Deposit["account"]->com.kata.bankaccount.models.Account["registry"]->java.util.ArrayList[0]->com.kata.bankaccount.models.Deposit["account"]->com.kata.bankaccount.models.Account["registry"]->java.util.ArrayList[0]->com.kata.bankaccount.models.Deposit["account"]->com.kata.bankaccount.models.Account["registry"]->java.util.ArrayList[0]->com.kata.bankaccount.models.Deposit["account"]->com.kata.bankaccount.models.Account["registry"]->java.util.ArrayList[0]->com.kata.bankaccount.models.Deposit["account"]->com.kata.bankaccount.models.Account["registry"]->java.util.ArrayList[0]->com.kata.bankaccount.models.Deposit["account"]->com.kata.bankaccount.models.Account["registry"]->java.util.ArrayList[0]->com.kata.bankaccount.models.Deposit["account"]->com.kata.bankaccount.models.Account["registry"]->java.util.ArrayList[0]->com.kata.bankaccount.models.Deposit["account"]->com.kata.bankaccount.models.Account["registry"]->java.util.ArrayList[0]->com.kata.bankaccount.models.Deposit["account"]->com.kata.bankaccount.models.Account["registry"]->java.util.ArrayList[0]->com.kata.bankaccount.models.Deposit["account"]->com.kata.bankaccount.models.Account["registry"]->java.util.ArrayList[0]->com.kata.bankaccount.models.Deposit["account"]->com.kata.bankaccount.models.Account["registry"]->java.util.ArrayList[0]->com.kata.bankaccount.models.Deposit["account"]->com.kata.bankaccount.models.Account["registry"]->java.util.ArrayList[0]->com.kata.bankaccount.models.Deposit["account"]->com.kata.bankaccount.models.Account["registry"]->java.util.ArrayList[0]->com.kata.bankaccount.models.Deposit["account"]->com.kata.bankaccount.models.Account["registry"]->java.util.ArrayList[0]->com.kata.bankaccount.models.Deposit["account"]->com.kata.bankaccount.models.Account["registry"]->java.util.ArrayList[0]->com.kata.bankaccount.models.Deposit["account"]->com.kata.bankaccount.models.Account["registry"]->java.util.ArrayList[0]->com.kata.bankaccount.models.Deposit["account"]->com.kata.bankaccount.models.Account["registry"]->java.util.ArrayList[0]->com.kata.bankaccount.models.Deposit["account"]->com.kata.bankaccount.models.Account["registry"]->java.util.ArrayList[0]->com.kata.bankaccount.models.Deposit["account"]->com.kata.bankaccount.models.Account["registry"]->java.util.ArrayList[0]->com.kata.bankaccount.models.Deposit["account"]->com.kata.bankaccount.models.Account["registry"]->java.util.ArrayList[0]->com.kata.bankaccount.models.Deposit["account"]->com.kata.bankaccount.models.Account["registry"]->java.util.ArrayList[0]->com.kata.bankaccount.models.Deposit["account"]->com.kata.bankaccount.models.Account["registry"]->java.util.ArrayList[0]->com.kata.bankaccount.models.Deposit["account"]->com.kata.bankaccount.models.Account["registry"]->java.util.ArrayList[0]->com.kata.bankaccount.models.Deposit["account"]->com.kata.bankaccount.models.Account["registry"]->java.util.ArrayList[0]->com.kata.bankaccount.models.Deposit["account"]->com.kata.bankaccount.models.Account["registry"]->java.util.ArrayList[0]->com.kata.bankaccount.models.Deposit["account"]->com.kata.bankaccount.models.Account["registry"]->java.util.ArrayList[0]->com.kata.bankaccount.models.Deposit["account"]->com.kata.bankaccount.models.Account["registry"]->java.util.ArrayList[0]->com.kata.bankaccount.models.Deposit["account"]->com.kata.bankaccount.models.Account["registry"]->java.util.ArrayList[0]->com.kata.bankaccount.models.Deposit["account"]->com.kata.bankaccount.models.Account["registry"]->java.util.ArrayList[0]->com.kata.bankaccount.models.Deposit["account"]->com.kata.bankaccount.models.Account["registry"]->java.util.ArrayList[0]->com.kata.bankaccount.models.Deposit["account"]->com.kata.bankaccount.models.Account["registry"]->java.util.ArrayList[0]->com.kata.bankaccount.models.Deposit["account"]->com.kata.bankaccount.models.Account["registry"]->java.util.ArrayList[0]->com.kata.bankaccount.models.Deposit["account"]->com.kata.bankaccount.models.Account["registry"]->java.util.ArrayList[0]->com.kata.bankaccount.models.Deposit["account"]->com.kata.bankaccount.models.Account["registry"]->java.util.ArrayList[0]->com.kata.bankaccount.models.Deposit["account"]->com.kata.bankaccount.models.Account["registry"]->java.util.ArrayList[0]->com.kata.bankaccount.models.Deposit["account"]->com.kata.bankaccount.models.Account["registry"]->java.util.ArrayList[0]->com.kata.bankaccount.models.Deposit["account"]->com.kata.bankaccount.models.Account["registry"]->java.util.ArrayList[0]->com.kata.bankaccount.models.Deposit["account"]->com.kata.bankaccount.models.Account["registry"]->java.util.ArrayList[0]->com.kata.bankaccount.models.Deposit["account"]->com.kata.bankaccount.models.Account["registry"]->java.util.ArrayList[0]->com.kata.bankaccount.models.Deposit["account"]->com.kata.bankaccount.models.Account["registry"]->java.util.ArrayList[0]->com.kata.bankaccount.models.Deposit["account"]->com.kata.bankaccount.models.Account["registry"]->java.util.ArrayList[0]->com.kata.bankaccount.models.Deposit["account"]->com.kata.bankaccount.models.Account["registry"]->java.util.ArrayList[0]->com.kata.bankaccount.models.Deposit["account"]->com.kata.bankaccount.models.Account["registry"]->java.util.ArrayList[0]->com.kata.bankaccount.models.Deposit["account"]->com.kata.bankaccount.models.Account["registry"]->java.util.ArrayList[0]->com.kata.bankaccount.models.Deposit["account"]->com.kata.bankaccount.models.Account["registry"]->java.util.ArrayList[0]->com.kata.bankaccount.models.Deposit["account"]->com.kata.bankaccount.models.Account["registry"]->java.util.ArrayList[0]->com.kata.bankaccount.models.Deposit["account"]->com.kata.bankaccount.models.Account["registry"]->java.util.ArrayList[0]->com.kata.bankaccount.models.Deposit["account"]->com.kata.bankaccount.models.Account["registry"]->java.util.ArrayList[0]->com.kata.bankaccount.models.Deposit["account"]->com.kata.bankaccount.models.Account["registry"]->java.util.ArrayList[0]->com.kata.bankaccount.models.Deposit["account"]->com.kata.bankaccount.models.Account["registry"]->java.util.ArrayList[0]->com.kata.bankaccount.models.Deposit["account"]->com.kata.bankaccount.models.Account["registry"]->java.util.ArrayList[0]->com.kata.bankaccount.models.Deposit["account"]->com.kata.bankaccount.models.Account["registry"]->java.util.ArrayList[0]->com.kata.bankaccount.models.Deposit["account"]->com.kata.bankaccount.models.Account["registry"]->java.util.ArrayList[0]->com.kata.bankaccount.models.Deposit["account"]->com.kata.bankaccount.models.Account["registry"]->java.util.ArrayList[0]->com.kata.bankaccount.models.Deposit["account"]->com.kata.bankaccount.models.Account["registry"]->java.util.ArrayList[0]->com.kata.bankaccount.models.Deposit["account"]->com.kata.bankaccount.models.Account["registry"]->java.util.ArrayList[0]->com.kata.bankaccount.models.Deposit["account"]->com.kata.bankaccount.models.Account["registry"]->java.util.ArrayList[0]->com.kata.bankaccount.models.Deposit["account"]->com.kata.bankaccount.models.Account["registry"]->java.util.ArrayList[0]->com.kata.bankaccount.models.Deposit["account"]->com.kata.bankaccount.models.Account["registry"]->java.util.ArrayList[0]->com.kata.bankaccount.models.Deposit["account"]->com.kata.bankaccount.models.Account["registry"]->java.util.ArrayList[0]->com.kata.bankaccount.models.Deposit["account"]->com.kata.bankaccount.models.Account["registry"]->java.util.ArrayList[0]->com.kata.bankaccount.models.Deposit["account"]->com.kata.bankaccount.models.Account["registry"]->java.util.ArrayList[0]->com.kata.bankaccount.models.Deposit["account"]->com.kata.bankaccount.models.Account["registry"]->java.util.ArrayList[0]->com.kata.bankaccount.models.Deposit["account"]->com.kata.bankaccount.models.Account["registry"]->java.util.ArrayList[0]->com.kata.bankaccount.models.Deposit["account"]->com.kata.bankaccount.models.Account["registry"]->java.util.ArrayList[0]->com.kata.bankaccount.models.Deposit["account"]->com.kata.bankaccount.models.Account["registry"]->java.util.ArrayList[0]->com.kata.bankaccount.models.Deposit["account"]->com.kata.bankaccount.models.Account["registry"]->java.util.ArrayList[0]->com.kata.bankaccount.models.Deposit["account"]->com.kata.bankaccount.models.Account["registry"]->java.util.ArrayList[0]->com.kata.bankaccount.models.Deposit["account"]->com.kata.bankaccount.models.Account["registry"]->java.util.ArrayList[0]->com.kata.bankaccount.models.Deposit["account"]->com.kata.bankaccount.models.Account["registry"]->java.util.ArrayList[0]->com.kata.bankaccount.models.Deposit["account"]->com.kata.bankaccount.models.Account["registry"]->java.util.ArrayList[0]->com.kata.bankaccount.models.Deposit["account"]->com.kata.bankaccount.models.Account["registry"]->java.util.ArrayList[0]->com.kata.bankaccount.models.Deposit["account"]->com.kata.bankaccount.models.Account["registry"]->java.util.ArrayList[0]->com.kata.bankaccount.models.Deposit["account"]->com.kata.bankaccount.models.Account["registry"]->java.util.ArrayList[0]->com.kata.bankaccount.models.Deposit["account"]->com.kata.bankaccount.models.Account["registry"]->java.util.ArrayList[0]->com.kata.bankaccount.models.Deposit["account"]->com.kata.bankaccount.models.Account["registry"]->java.util.ArrayList[0]->com.kata.bankaccount.models.Deposit["account"]->com.kata.bankaccount.models.Account["registry"]->java.util.ArrayList[0]->com.kata.bankaccount.models.Deposit["account"]->com.kata.bankaccount.models.Account["registry"]->java.util.ArrayList[0]->com.kata.bankaccount.models.Deposit["account"]->com.kata.bankaccount.models.Account["registry"]->java.util.ArrayList[0]->com.kata.bankaccount.models.Deposit["account"]->com.kata.bankaccount.models.Account["registry"]->java.util.ArrayList[0]->com.kata.bankaccount.models.Deposit["account"]->com.kata.bankaccount.models.Account["registry"]->java.util.ArrayList[0]->com.kata.bankaccount.models.Deposit["account"]->com.kata.bankaccount.models.Account["registry"]->java.util.ArrayList[0]->com.kata.bankaccount.models.Deposit["account"]->com.kata.bankaccount.models.Account["registry"]->java.util.ArrayList[0]->com.kata.bankaccount.models.Deposit["account"]->com.kata.bankaccount.models.Account["registry"]->java.util.ArrayList[0]->com.kata.bankaccount.models.Deposit["account"]->com.kata.bankaccount.models.Account["registry"]->java.util.ArrayList[0]->com.kata.bankaccount.models.Deposit["account"]->com.kata.bankaccount.models.Account["registry"]->java.util.ArrayList[0]->com.kata.bankaccount.models.Deposit["account"]->com.kata.bankaccount.models.Account["registry"]->java.util.ArrayList[0]->com.kata.bankaccount.models.Deposit["account"]->com.kata.bankaccount.models.Account["registry"]->java.util.ArrayList[0]->com.kata.bankaccount.models.Deposit["account"]->com.kata.bankaccount.models.Account["registry"]->java.util.ArrayList[0]->com.kata.bankaccount.models.Deposit["account"]->com.kata.bankaccount.models.Account["registry"]->java.util.ArrayList[0]->com.kata.bankaccount.models.Deposit["account"]->com.kata.bankaccount.models.Account["registry"]->java.util.ArrayList[0]->com.kata.bankaccount.models.Deposit["account"]->com.kata.bankaccount.models.Account["registry"]->java.util.ArrayList[0]->com.kata.bankaccount.models.Deposit["account"]->com.kata.bankaccount.models.Account["registry"]->java.util.ArrayList[0]->com.kata.bankaccount.models.Deposit["account"]->com.kata.bankaccount.models.Account["registry"]->java.util.ArrayList[0]->com.kata.bankaccount.models.Deposit["account"]->com.kata.bankaccount.models.Account["registry"]->java.util.ArrayList[0]->com.kata.bankaccount.models.Deposit["account"]->com.kata.bankaccount.models.Account["registry"]->java.util.ArrayList[0]->com.kata.bankaccount.models.Deposit["account"]->com.kata.bankaccount.models.Account["registry"]->java.util.ArrayList[0]->com.kata.bankaccount.models.Deposit["account"]->com.kata.bankaccount.models.Account["registry"]->java.util.ArrayList[0]->com.kata.bankaccount.models.Deposit["account"]->com.kata.bankaccount.models.Account["registry"]->java.util.ArrayList[0]->com.kata.bankaccount.models.Deposit["account"]->com.kata.bankaccount.models.Account["registry"]->java.util.ArrayList[0]->com.kata.bankaccount.models.Deposit["account"]->com.kata.bankaccount.models.Account["registry"]->java.util.ArrayList[0]->com.kata.bankaccount.models.Deposit["account"]->com.kata.bankaccount.models.Account["registry"]->java.util.ArrayList[0]->com.kata.bankaccount.models.Deposit["account"]->com.kata.bankaccount.models.Account["registry"]->java.util.ArrayList[0]->com.kata.bankaccount.models.Deposit["account"]->com.kata.bankaccount.models.Account["registry"]->java.util.ArrayList[0]->com.kata.bankaccount.models.Deposit["account"]->com.kata.bankaccount.models.Account["registry"]->java.util.ArrayList[0]->com.kata.bankaccount.models.Deposit["account"]->com.kata.bankaccount.models.Account["registry"]->java.util.ArrayList[0]->com.kata.bankaccount.models.Deposit["account"]->com.kata.bankaccount.models.Account["registry"]->java.util.ArrayList[0]->com.kata.bankaccount.models.Deposit["account"]->com.kata.bankaccount.models.Account["registry"]->java.util.ArrayList[0]->com.kata.bankaccount.models.Deposit["account"]->com.kata.bankaccount.models.Account["registry"]->java.util.ArrayList[0]->com.kata.bankaccount.models.Deposit["account"]->com.kata.bankaccount.models.Account["registry"]->java.util.ArrayList[0]->com.kata.bankaccount.models.Deposit["account"]->com.kata.bankaccount.models.Account["registry"]->java.util.ArrayList[0]->com.kata.bankaccount.models.Deposit["account"]->com.kata.bankaccount.models.Account["registry"]->java.util.ArrayList[0]->com.kata.bankaccount.models.Deposit["account"]->com.kata.bankaccount.models.Account["registry"]->java.util.ArrayList[0]->com.kata.bankaccount.models.Deposit["account"]->com.kata.bankaccount.models.Account["registry"]->java.util.ArrayList[0]->com.kata.bankaccount.models.Deposit["account"]->com.kata.bankaccount.models.Account["registry"]->java.util.ArrayList[0]->com.kata.bankaccount.models.Deposit["account"]->com.kata.bankaccount.models.Account["registry"]->java.util.ArrayList[0]->com.kata.bankaccount.models.Deposit["account"]->com.kata.bankaccount.models.Account["registry"]->java.util.ArrayList[0]->com.kata.bankaccount.models.Deposit["account"]->com.kata.bankaccount.models.Account["registry"]->java.util.ArrayList[0]->com.kata.bankaccount.models.Deposit["account"]->com.kata.bankaccount.models.Account["registry"]->java.util.ArrayList[0]->com.kata.bankaccount.models.Deposit["account"]->com.kata.bankaccount.models.Account["registry"]->java.util.ArrayList[0]->com.kata.bankaccount.models.Deposit["account"]->com.kata.bankaccount.models.Account["registry"]->java.util.ArrayList[0]->com.kata.bankaccount.models.Deposit["account"]->com.kata.bankaccount.models.Account["registry"]->java.util.ArrayList[0]->com.kata.bankaccount.models.Deposit["account"]->com.kata.bankaccount.models.Account["registry"]->java.util.ArrayList[0]->com.kata.bankaccount.models.Deposit["account"]->com.kata.bankaccount.models.Account["registry"]->java.util.ArrayList[0]->com.kata.bankaccount.models.Deposit["account"]->com.kata.bankaccount.models.Account["registry"]->java.util.ArrayList[0]->com.kata.bankaccount.models.Deposit["account"]->com.kata.bankaccount.models.Account["registry"]->java.util.ArrayList[0]->com.kata.bankaccount.models.Deposit["account"]->com.kata.bankaccount.models.Account["registry"]->java.util.ArrayList[0]->com.kata.bankaccount.models.Deposit["account"]->com.kata.bankaccount.models.Account["registry"]->java.util.ArrayList[0]->com.kata.bankaccount.models.Deposit["account"]->com.kata.bankaccount.models.Account["registry"]->java.util.ArrayList[0]->com.kata.bankaccount.models.Deposit["account"]->com.kata.bankaccount.models.Account["registry"]->java.util.ArrayList[0]->com.kata.bankaccount.models.Deposit["account"]->com.kata.bankaccount.models.Account["registry"]->java.util.ArrayList[0]->com.kata.bankaccount.models.Deposit["account"]->com.kata.bankaccount.models.Account["registry"]->java.util.ArrayList[0]->com.kata.bankaccount.models.Deposit["account"]->com.kata.bankaccount.models.Account["registry"]->java.util.ArrayList[0]->com.kata.bankaccount.models.Deposit["account"]->com.kata.bankaccount.models.Account["registry"]->java.util.ArrayList[0]->com.kata.bankaccount.models.Deposit["account"]->com.kata.bankaccount.models.Account["registry"]->java.util.ArrayList[0]->com.kata.bankaccount.models.Deposit["account"]->com.kata.bankaccount.models.Account["registry"]->java.util.ArrayList[0]->com.kata.bankaccount.models.Deposit["account"]->com.kata.bankaccount.models.Account["registry"]->java.util.ArrayList[0]->com.kata.bankaccount.models.Deposit["account"]->com.kata.bankaccount.models.Account["registry"]->java.util.ArrayList[0]->com.kata.bankaccount.models.Deposit["account"]->com.kata.bankaccount.models.Account["registry"]->java.util.ArrayList[0]->com.kata.bankaccount.models.Deposit["account"]->com.kata.bankaccount.models.Account["registry"]->java.util.ArrayList[0]->com.kata.bankaccount.models.Deposit["account"]->com.kata.bankaccount.models.Account["registry"]->java.util.ArrayList[0]->com.kata.bankaccount.models.Deposit["account"]->com.kata.bankaccount.models.Account["registry"]->java.util.ArrayList[0]->com.kata.bankaccount.models.Deposit["account"]->com.kata.bankaccount.models.Account["registry"]->java.util.ArrayList[0]->com.kata.bankaccount.models.Deposit["account"]->com.kata.bankaccount.models.Account["registry"]->java.util.ArrayList[0]->com.kata.bankaccount.models.Deposit["account"]->com.kata.bankaccount.models.Account["registry"]->java.util.ArrayList[0]->com.kata.bankaccount.models.Deposit["account"]->com.kata.bankaccount.models.Account["registry"]->java.util.ArrayList[0]->com.kata.bankaccount.models.Deposit["account"]->com.kata.bankaccount.models.Account["registry"]->java.util.ArrayList[0]->com.kata.bankaccount.models.Deposit["account"]->com.kata.bankaccount.models.Account["registry"]->java.util.ArrayList[0]->com.kata.bankaccount.models.Deposit["account"]->com.kata.bankaccount.models.Account["registry"]->java.util.ArrayList[0]->com.kata.bankaccount.models.Deposit["account"]->com.kata.bankaccount.models.Account["registry"]->java.util.ArrayList[0]->com.kata.bankaccount.models.Deposit["account"]->com.kata.bankaccount.models.Account["registry"]->java.util.ArrayList[0]->com.kata.bankaccount.models.Deposit["account"]->com.kata.bankaccount.models.Account["registry"]->java.util.ArrayList[0]->com.kata.bankaccount.models.Deposit["account"]->com.kata.bankaccount.models.Account["registry"]->java.util.ArrayList[0]->com.kata.bankaccount.models.Deposit["account"]->com.kata.bankaccount.models.Account["registry"]->java.util.ArrayList[0]->com.kata.bankaccount.models.Deposit["account"]->com.kata.bankaccount.models.Account["registry"]->java.util.ArrayList[0]->com.kata.bankaccount.models.Deposit["account"]->com.kata.bankaccount.models.Account["registry"]->java.util.ArrayList[0]->com.kata.bankaccount.models.Deposit["account"]->com.kata.bankaccount.models.Account["registry"]->java.util.ArrayList[0]->com.kata.bankaccount.models.Deposit["account"]->com.kata.bankaccount.models.Account["registry"])
	at com.kata.bankaccount.AccountControllerTests.testPrintStatement(AccountControllerTests.java:77)
Caused by: com.fasterxml.jackson.databind.JsonMappingException: Infinite recursion (StackOverflowError) (through reference chain: com.kata.bankaccount.models.Account["registry"]->java.util.ArrayList[0]->com.kata.bankaccount.models.Deposit["account"]->com.kata.bankaccount.models.Account["registry"]->java.util.ArrayList[0]->com.kata.bankaccount.models.Deposit["account"]->com.kata.bankaccount.models.Account["registry"]->java.util.ArrayList[0]->com.kata.bankaccount.models.Deposit["account"]->com.kata.bankaccount.models.Account["registry"]->java.util.ArrayList[0]->com.kata.bankaccount.models.Deposit["account"]->com.kata.bankaccount.models.Account["registry"]->java.util.ArrayList[0]->com.kata.bankaccount.models.Deposit["account"]->com.kata.bankaccount.models.Account["registry"]->java.util.ArrayList[0]->com.kata.bankaccount.models.Deposit["account"]->com.kata.bankaccount.models.Account["registry"]->java.util.ArrayList[0]->com.kata.bankaccount.models.Deposit["account"]->com.kata.bankaccount.models.Account["registry"]->java.util.ArrayList[0]->com.kata.bankaccount.models.Deposit["account"]->com.kata.bankaccount.models.Account["registry"]->java.util.ArrayList[0]->com.kata.bankaccount.models.Deposit["account"]->com.kata.bankaccount.models.Account["registry"]->java.util.ArrayList[0]->com.kata.bankaccount.models.Deposit["account"]->com.kata.bankaccount.models.Account["registry"]->java.util.ArrayList[0]->com.kata.bankaccount.models.Deposit["account"]->com.kata.bankaccount.models.Account["registry"]->java.util.ArrayList[0]->com.kata.bankaccount.models.Deposit["account"]->com.kata.bankaccount.models.Account["registry"]->java.util.ArrayList[0]->com.kata.bankaccount.models.Deposit["account"]->com.kata.bankaccount.models.Account["registry"]->java.util.ArrayList[0]->com.kata.bankaccount.models.Deposit["account"]->com.kata.bankaccount.models.Account["registry"]->java.util.ArrayList[0]->com.kata.bankaccount.models.Deposit["account"]->com.kata.bankaccount.models.Account["registry"]->java.util.ArrayList[0]->com.kata.bankaccount.models.Deposit["account"]->com.kata.bankaccount.models.Account["registry"]->java.util.ArrayList[0]->com.kata.bankaccount.models.Deposit["account"]->com.kata.bankaccount.models.Account["registry"]->java.util.ArrayList[0]->com.kata.bankaccount.models.Deposit["account"]->com.kata.bankaccount.models.Account["registry"]->java.util.ArrayList[0]->com.kata.bankaccount.models.Deposit["account"]->com.kata.bankaccount.models.Account["registry"]->java.util.ArrayList[0]->com.kata.bankaccount.models.Deposit["account"]->com.kata.bankaccount.models.Account["registry"]->java.util.ArrayList[0]->com.kata.bankaccount.models.Deposit["account"]->com.kata.bankaccount.models.Account["registry"]->java.util.ArrayList[0]->com.kata.bankaccount.models.Deposit["account"]->com.kata.bankaccount.models.Account["registry"]->java.util.ArrayList[0]->com.kata.bankaccount.models.Deposit["account"]->com.kata.bankaccount.models.Account["registry"]->java.util.ArrayList[0]->com.kata.bankaccount.models.Deposit["account"]->com.kata.bankaccount.models.Account["registry"]->java.util.ArrayList[0]->com.kata.bankaccount.models.Deposit["account"]->com.kata.bankaccount.models.Account["registry"]->java.util.ArrayList[0]->com.kata.bankaccount.models.Deposit["account"]->com.kata.bankaccount.models.Account["registry"]->java.util.ArrayList[0]->com.kata.bankaccount.models.Deposit["account"]->com.kata.bankaccount.models.Account["registry"]->java.util.ArrayList[0]->com.kata.bankaccount.models.Deposit["account"]->com.kata.bankaccount.models.Account["registry"]->java.util.ArrayList[0]->com.kata.bankaccount.models.Deposit["account"]->com.kata.bankaccount.models.Account["registry"]->java.util.ArrayList[0]->com.kata.bankaccount.models.Deposit["account"]->com.kata.bankaccount.models.Account["registry"]->java.util.ArrayList[0]->com.kata.bankaccount.models.Deposit["account"]->com.kata.bankaccount.models.Account["registry"]->java.util.ArrayList[0]->com.kata.bankaccount.models.Deposit["account"]->com.kata.bankaccount.models.Account["registry"]->java.util.ArrayList[0]->com.kata.bankaccount.models.Deposit["account"]->com.kata.bankaccount.models.Account["registry"]->java.util.ArrayList[0]->com.kata.bankaccount.models.Deposit["account"]->com.kata.bankaccount.models.Account["registry"]->java.util.ArrayList[0]->com.kata.bankaccount.models.Deposit["account"]->com.kata.bankaccount.models.Account["registry"]->java.util.ArrayList[0]->com.kata.bankaccount.models.Deposit["account"]->com.kata.bankaccount.models.Account["registry"]->java.util.ArrayList[0]->com.kata.bankaccount.models.Deposit["account"]->com.kata.bankaccount.models.Account["registry"]->java.util.ArrayList[0]->com.kata.bankaccount.models.Deposit["account"]->com.kata.bankaccount.models.Account["registry"]->java.util.ArrayList[0]->com.kata.bankaccount.models.Deposit["account"]->com.kata.bankaccount.models.Account["registry"]->java.util.ArrayList[0]->com.kata.bankaccount.models.Deposit["account"]->com.kata.bankaccount.models.Account["registry"]->java.util.ArrayList[0]->com.kata.bankaccount.models.Deposit["account"]->com.kata.bankaccount.models.Account["registry"]->java.util.ArrayList[0]->com.kata.bankaccount.models.Deposit["account"]->com.kata.bankaccount.models.Account["registry"]->java.util.ArrayList[0]->com.kata.bankaccount.models.Deposit["account"]->com.kata.bankaccount.models.Account["registry"]->java.util.ArrayList[0]->com.kata.bankaccount.models.Deposit["account"]->com.kata.bankaccount.models.Account["registry"]->java.util.ArrayList[0]->com.kata.bankaccount.models.Deposit["account"]->com.kata.bankaccount.models.Account["registry"]->java.util.ArrayList[0]->com.kata.bankaccount.models.Deposit["account"]->com.kata.bankaccount.models.Account["registry"]->java.util.ArrayList[0]->com.kata.bankaccount.models.Deposit["account"]->com.kata.bankaccount.models.Account["registry"]->java.util.ArrayList[0]->com.kata.bankaccount.models.Deposit["account"]->com.kata.bankaccount.models.Account["registry"]->java.util.ArrayList[0]->com.kata.bankaccount.models.Deposit["account"]->com.kata.bankaccount.models.Account["registry"]->java.util.ArrayList[0]->com.kata.bankaccount.models.Deposit["account"]->com.kata.bankaccount.models.Account["registry"]->java.util.ArrayList[0]->com.kata.bankaccount.models.Deposit["account"]->com.kata.bankaccount.models.Account["registry"]->java.util.ArrayList[0]->com.kata.bankaccount.models.Deposit["account"]->com.kata.bankaccount.models.Account["registry"]->java.util.ArrayList[0]->com.kata.bankaccount.models.Deposit["account"]->com.kata.bankaccount.models.Account["registry"]->java.util.ArrayList[0]->com.kata.bankaccount.models.Deposit["account"]->com.kata.bankaccount.models.Account["registry"]->java.util.ArrayList[0]->com.kata.bankaccount.models.Deposit["account"]->com.kata.bankaccount.models.Account["registry"]->java.util.ArrayList[0]->com.kata.bankaccount.models.Deposit["account"]->com.kata.bankaccount.models.Account["registry"]->java.util.ArrayList[0]->com.kata.bankaccount.models.Deposit["account"]->com.kata.bankaccount.models.Account["registry"]->java.util.ArrayList[0]->com.kata.bankaccount.models.Deposit["account"]->com.kata.bankaccount.models.Account["registry"]->java.util.ArrayList[0]->com.kata.bankaccount.models.Deposit["account"]->com.kata.bankaccount.models.Account["registry"]->java.util.ArrayList[0]->com.kata.bankaccount.models.Deposit["account"]->com.kata.bankaccount.models.Account["registry"]->java.util.ArrayList[0]->com.kata.bankaccount.models.Deposit["account"]->com.kata.bankaccount.models.Account["registry"]->java.util.ArrayList[0]->com.kata.bankaccount.models.Deposit["account"]->com.kata.bankaccount.models.Account["registry"]->java.util.ArrayList[0]->com.kata.bankaccount.models.Deposit["account"]->com.kata.bankaccount.models.Account["registry"]->java.util.ArrayList[0]->com.kata.bankaccount.models.Deposit["account"]->com.kata.bankaccount.models.Account["registry"]->java.util.ArrayList[0]->com.kata.bankaccount.models.Deposit["account"]->com.kata.bankaccount.models.Account["registry"]->java.util.ArrayList[0]->com.kata.bankaccount.models.Deposit["account"]->com.kata.bankaccount.models.Account["registry"]->java.util.ArrayList[0]->com.kata.bankaccount.models.Deposit["account"]->com.kata.bankaccount.models.Account["registry"]->java.util.ArrayList[0]->com.kata.bankaccount.models.Deposit["account"]->com.kata.bankaccount.models.Account["registry"]->java.util.ArrayList[0]->com.kata.bankaccount.models.Deposit["account"]->com.kata.bankaccount.models.Account["registry"]->java.util.ArrayList[0]->com.kata.bankaccount.models.Deposit["account"]->com.kata.bankaccount.models.Account["registry"]->java.util.ArrayList[0]->com.kata.bankaccount.models.Deposit["account"]->com.kata.bankaccount.models.Account["registry"]->java.util.ArrayList[0]->com.kata.bankaccount.models.Deposit["account"]->com.kata.bankaccount.models.Account["registry"]->java.util.ArrayList[0]->com.kata.bankaccount.models.Deposit["account"]->com.kata.bankaccount.models.Account["registry"]->java.util.ArrayList[0]->com.kata.bankaccount.models.Deposit["account"]->com.kata.bankaccount.models.Account["registry"]->java.util.ArrayList[0]->com.kata.bankaccount.models.Deposit["account"]->com.kata.bankaccount.models.Account["registry"]->java.util.ArrayList[0]->com.kata.bankaccount.models.Deposit["account"]->com.kata.bankaccount.models.Account["registry"]->java.util.ArrayList[0]->com.kata.bankaccount.models.Deposit["account"]->com.kata.bankaccount.models.Account["registry"]->java.util.ArrayList[0]->com.kata.bankaccount.models.Deposit["account"]->com.kata.bankaccount.models.Account["registry"]->java.util.ArrayList[0]->com.kata.bankaccount.models.Deposit["account"]->com.kata.bankaccount.models.Account["registry"]->java.util.ArrayList[0]->com.kata.bankaccount.models.Deposit["account"]->com.kata.bankaccount.models.Account["registry"]->java.util.ArrayList[0]->com.kata.bankaccount.models.Deposit["account"]->com.kata.bankaccount.models.Account["registry"]->java.util.ArrayList[0]->com.kata.bankaccount.models.Deposit["account"]->com.kata.bankaccount.models.Account["registry"]->java.util.ArrayList[0]->com.kata.bankaccount.models.Deposit["account"]->com.kata.bankaccount.models.Account["registry"]->java.util.ArrayList[0]->com.kata.bankaccount.models.Deposit["account"]->com.kata.bankaccount.models.Account["registry"]->java.util.ArrayList[0]->com.kata.bankaccount.models.Deposit["account"]->com.kata.bankaccount.models.Account["registry"]->java.util.ArrayList[0]->com.kata.bankaccount.models.Deposit["account"]->com.kata.bankaccount.models.Account["registry"]->java.util.ArrayList[0]->com.kata.bankaccount.models.Deposit["account"]->com.kata.bankaccount.models.Account["registry"]->java.util.ArrayList[0]->com.kata.bankaccount.models.Deposit["account"]->com.kata.bankaccount.models.Account["registry"]->java.util.ArrayList[0]->com.kata.bankaccount.models.Deposit["account"]->com.kata.bankaccount.models.Account["registry"]->java.util.ArrayList[0]->com.kata.bankaccount.models.Deposit["account"]->com.kata.bankaccount.models.Account["registry"]->java.util.ArrayList[0]->com.kata.bankaccount.models.Deposit["account"]->com.kata.bankaccount.models.Account["registry"]->java.util.ArrayList[0]->com.kata.bankaccount.models.Deposit["account"]->com.kata.bankaccount.models.Account["registry"]->java.util.ArrayList[0]->com.kata.bankaccount.models.Deposit["account"]->com.kata.bankaccount.models.Account["registry"]->java.util.ArrayList[0]->com.kata.bankaccount.models.Deposit["account"]->com.kata.bankaccount.models.Account["registry"]->java.util.ArrayList[0]->com.kata.bankaccount.models.Deposit["account"]->com.kata.bankaccount.models.Account["registry"]->java.util.ArrayList[0]->com.kata.bankaccount.models.Deposit["account"]->com.kata.bankaccount.models.Account["registry"]->java.util.ArrayList[0]->com.kata.bankaccount.models.Deposit["account"]->com.kata.bankaccount.models.Account["registry"]->java.util.ArrayList[0]->com.kata.bankaccount.models.Deposit["account"]->com.kata.bankaccount.models.Account["registry"]->java.util.ArrayList[0]->com.kata.bankaccount.models.Deposit["account"]->com.kata.bankaccount.models.Account["registry"]->java.util.ArrayList[0]->com.kata.bankaccount.models.Deposit["account"]->com.kata.bankaccount.models.Account["registry"]->java.util.ArrayList[0]->com.kata.bankaccount.models.Deposit["account"]->com.kata.bankaccount.models.Account["registry"]->java.util.ArrayList[0]->com.kata.bankaccount.models.Deposit["account"]->com.kata.bankaccount.models.Account["registry"]->java.util.ArrayList[0]->com.kata.bankaccount.models.Deposit["account"]->com.kata.bankaccount.models.Account["registry"]->java.util.ArrayList[0]->com.kata.bankaccount.models.Deposit["account"]->com.kata.bankaccount.models.Account["registry"]->java.util.ArrayList[0]->com.kata.bankaccount.models.Deposit["account"]->com.kata.bankaccount.models.Account["registry"]->java.util.ArrayList[0]->com.kata.bankaccount.models.Deposit["account"]->com.kata.bankaccount.models.Account["registry"]->java.util.ArrayList[0]->com.kata.bankaccount.models.Deposit["account"]->com.kata.bankaccount.models.Account["registry"]->java.util.ArrayList[0]->com.kata.bankaccount.models.Deposit["account"]->com.kata.bankaccount.models.Account["registry"]->java.util.ArrayList[0]->com.kata.bankaccount.models.Deposit["account"]->com.kata.bankaccount.models.Account["registry"]->java.util.ArrayList[0]->com.kata.bankaccount.models.Deposit["account"]->com.kata.bankaccount.models.Account["registry"]->java.util.ArrayList[0]->com.kata.bankaccount.models.Deposit["account"]->com.kata.bankaccount.models.Account["registry"]->java.util.ArrayList[0]->com.kata.bankaccount.models.Deposit["account"]->com.kata.bankaccount.models.Account["registry"]->java.util.ArrayList[0]->com.kata.bankaccount.models.Deposit["account"]->com.kata.bankaccount.models.Account["registry"]->java.util.ArrayList[0]->com.kata.bankaccount.models.Deposit["account"]->com.kata.bankaccount.models.Account["registry"]->java.util.ArrayList[0]->com.kata.bankaccount.models.Deposit["account"]->com.kata.bankaccount.models.Account["registry"]->java.util.ArrayList[0]->com.kata.bankaccount.models.Deposit["account"]->com.kata.bankaccount.models.Account["registry"]->java.util.ArrayList[0]->com.kata.bankaccount.models.Deposit["account"]->com.kata.bankaccount.models.Account["registry"]->java.util.ArrayList[0]->com.kata.bankaccount.models.Deposit["account"]->com.kata.bankaccount.models.Account["registry"]->java.util.ArrayList[0]->com.kata.bankaccount.models.Deposit["account"]->com.kata.bankaccount.models.Account["registry"]->java.util.ArrayList[0]->com.kata.bankaccount.models.Deposit["account"]->com.kata.bankaccount.models.Account["registry"]->java.util.ArrayList[0]->com.kata.bankaccount.models.Deposit["account"]->com.kata.bankaccount.models.Account["registry"]->java.util.ArrayList[0]->com.kata.bankaccount.models.Deposit["account"]->com.kata.bankaccount.models.Account["registry"]->java.util.ArrayList[0]->com.kata.bankaccount.models.Deposit["account"]->com.kata.bankaccount.models.Account["registry"]->java.util.ArrayList[0]->com.kata.bankaccount.models.Deposit["account"]->com.kata.bankaccount.models.Account["registry"]->java.util.ArrayList[0]->com.kata.bankaccount.models.Deposit["account"]->com.kata.bankaccount.models.Account["registry"]->java.util.ArrayList[0]->com.kata.bankaccount.models.Deposit["account"]->com.kata.bankaccount.models.Account["registry"]->java.util.ArrayList[0]->com.kata.bankaccount.models.Deposit["account"]->com.kata.bankaccount.models.Account["registry"]->java.util.ArrayList[0]->com.kata.bankaccount.models.Deposit["account"]->com.kata.bankaccount.models.Account["registry"]->java.util.ArrayList[0]->com.kata.bankaccount.models.Deposit["account"]->com.kata.bankaccount.models.Account["registry"]->java.util.ArrayList[0]->com.kata.bankaccount.models.Deposit["account"]->com.kata.bankaccount.models.Account["registry"]->java.util.ArrayList[0]->com.kata.bankaccount.models.Deposit["account"]->com.kata.bankaccount.models.Account["registry"]->java.util.ArrayList[0]->com.kata.bankaccount.models.Deposit["account"]->com.kata.bankaccount.models.Account["registry"]->java.util.ArrayList[0]->com.kata.bankaccount.models.Deposit["account"]->com.kata.bankaccount.models.Account["registry"]->java.util.ArrayList[0]->com.kata.bankaccount.models.Deposit["account"]->com.kata.bankaccount.models.Account["registry"]->java.util.ArrayList[0]->com.kata.bankaccount.models.Deposit["account"]->com.kata.bankaccount.models.Account["registry"]->java.util.ArrayList[0]->com.kata.bankaccount.models.Deposit["account"]->com.kata.bankaccount.models.Account["registry"]->java.util.ArrayList[0]->com.kata.bankaccount.models.Deposit["account"]->com.kata.bankaccount.models.Account["registry"]->java.util.ArrayList[0]->com.kata.bankaccount.models.Deposit["account"]->com.kata.bankaccount.models.Account["registry"]->java.util.ArrayList[0]->com.kata.bankaccount.models.Deposit["account"]->com.kata.bankaccount.models.Account["registry"]->java.util.ArrayList[0]->com.kata.bankaccount.models.Deposit["account"]->com.kata.bankaccount.models.Account["registry"]->java.util.ArrayList[0]->com.kata.bankaccount.models.Deposit["account"]->com.kata.bankaccount.models.Account["registry"]->java.util.ArrayList[0]->com.kata.bankaccount.models.Deposit["account"]->com.kata.bankaccount.models.Account["registry"]->java.util.ArrayList[0]->com.kata.bankaccount.models.Deposit["account"]->com.kata.bankaccount.models.Account["registry"]->java.util.ArrayList[0]->com.kata.bankaccount.models.Deposit["account"]->com.kata.bankaccount.models.Account["registry"]->java.util.ArrayList[0]->com.kata.bankaccount.models.Deposit["account"]->com.kata.bankaccount.models.Account["registry"]->java.util.ArrayList[0]->com.kata.bankaccount.models.Deposit["account"]->com.kata.bankaccount.models.Account["registry"]->java.util.ArrayList[0]->com.kata.bankaccount.models.Deposit["account"]->com.kata.bankaccount.models.Account["registry"]->java.util.ArrayList[0]->com.kata.bankaccount.models.Deposit["account"]->com.kata.bankaccount.models.Account["registry"]->java.util.ArrayList[0]->com.kata.bankaccount.models.Deposit["account"]->com.kata.bankaccount.models.Account["registry"]->java.util.ArrayList[0]->com.kata.bankaccount.models.Deposit["account"]->com.kata.bankaccount.models.Account["registry"]->java.util.ArrayList[0]->com.kata.bankaccount.models.Deposit["account"]->com.kata.bankaccount.models.Account["registry"]->java.util.ArrayList[0]->com.kata.bankaccount.models.Deposit["account"]->com.kata.bankaccount.models.Account["registry"]->java.util.ArrayList[0]->com.kata.bankaccount.models.Deposit["account"]->com.kata.bankaccount.models.Account["registry"]->java.util.ArrayList[0]->com.kata.bankaccount.models.Deposit["account"]->com.kata.bankaccount.models.Account["registry"]->java.util.ArrayList[0]->com.kata.bankaccount.models.Deposit["account"]->com.kata.bankaccount.models.Account["registry"]->java.util.ArrayList[0]->com.kata.bankaccount.models.Deposit["account"]->com.kata.bankaccount.models.Account["registry"]->java.util.ArrayList[0]->com.kata.bankaccount.models.Deposit["account"]->com.kata.bankaccount.models.Account["registry"]->java.util.ArrayList[0]->com.kata.bankaccount.models.Deposit["account"]->com.kata.bankaccount.models.Account["registry"]->java.util.ArrayList[0]->com.kata.bankaccount.models.Deposit["account"]->com.kata.bankaccount.models.Account["registry"]->java.util.ArrayList[0]->com.kata.bankaccount.models.Deposit["account"]->com.kata.bankaccount.models.Account["registry"]->java.util.ArrayList[0]->com.kata.bankaccount.models.Deposit["account"]->com.kata.bankaccount.models.Account["registry"]->java.util.ArrayList[0]->com.kata.bankaccount.models.Deposit["account"]->com.kata.bankaccount.models.Account["registry"]->java.util.ArrayList[0]->com.kata.bankaccount.models.Deposit["account"]->com.kata.bankaccount.models.Account["registry"]->java.util.ArrayList[0]->com.kata.bankaccount.models.Deposit["account"]->com.kata.bankaccount.models.Account["registry"]->java.util.ArrayList[0]->com.kata.bankaccount.models.Deposit["account"]->com.kata.bankaccount.models.Account["registry"]->java.util.ArrayList[0]->com.kata.bankaccount.models.Deposit["account"]->com.kata.bankaccount.models.Account["registry"]->java.util.ArrayList[0]->com.kata.bankaccount.models.Deposit["account"]->com.kata.bankaccount.models.Account["registry"]->java.util.ArrayList[0]->com.kata.bankaccount.models.Deposit["account"]->com.kata.bankaccount.models.Account["registry"]->java.util.ArrayList[0]->com.kata.bankaccount.models.Deposit["account"]->com.kata.bankaccount.models.Account["registry"]->java.util.ArrayList[0]->com.kata.bankaccount.models.Deposit["account"]->com.kata.bankaccount.models.Account["registry"]->java.util.ArrayList[0]->com.kata.bankaccount.models.Deposit["account"]->com.kata.bankaccount.models.Account["registry"]->java.util.ArrayList[0]->com.kata.bankaccount.models.Deposit["account"]->com.kata.bankaccount.models.Account["registry"]->java.util.ArrayList[0]->com.kata.bankaccount.models.Deposit["account"]->com.kata.bankaccount.models.Account["registry"]->java.util.ArrayList[0]->com.kata.bankaccount.models.Deposit["account"]->com.kata.bankaccount.models.Account["registry"]->java.util.ArrayList[0]->com.kata.bankaccount.models.Deposit["account"]->com.kata.bankaccount.models.Account["registry"]->java.util.ArrayList[0]->com.kata.bankaccount.models.Deposit["account"]->com.kata.bankaccount.models.Account["registry"]->java.util.ArrayList[0]->com.kata.bankaccount.models.Deposit["account"]->com.kata.bankaccount.models.Account["registry"]->java.util.ArrayList[0]->com.kata.bankaccount.models.Deposit["account"]->com.kata.bankaccount.models.Account["registry"]->java.util.ArrayList[0]->com.kata.bankaccount.models.Deposit["account"]->com.kata.bankaccount.models.Account["registry"]->java.util.ArrayList[0]->com.kata.bankaccount.models.Deposit["account"]->com.kata.bankaccount.models.Account["registry"]->java.util.ArrayList[0]->com.kata.bankaccount.models.Deposit["account"]->com.kata.bankaccount.models.Account["registry"]->java.util.ArrayList[0]->com.kata.bankaccount.models.Deposit["account"]->com.kata.bankaccount.models.Account["registry"]->java.util.ArrayList[0]->com.kata.bankaccount.models.Deposit["account"]->com.kata.bankaccount.models.Account["registry"]->java.util.ArrayList[0]->com.kata.bankaccount.models.Deposit["account"]->com.kata.bankaccount.models.Account["registry"]->java.util.ArrayList[0]->com.kata.bankaccount.models.Deposit["account"]->com.kata.bankaccount.models.Account["registry"]->java.util.ArrayList[0]->com.kata.bankaccount.models.Deposit["account"]->com.kata.bankaccount.models.Account["registry"]->java.util.ArrayList[0]->com.kata.bankaccount.models.Deposit["account"]->com.kata.bankaccount.models.Account["registry"]->java.util.ArrayList[0]->com.kata.bankaccount.models.Deposit["account"]->com.kata.bankaccount.models.Account["registry"]->java.util.ArrayList[0]->com.kata.bankaccount.models.Deposit["account"]->com.kata.bankaccount.models.Account["registry"]->java.util.ArrayList[0]->com.kata.bankaccount.models.Deposit["account"]->com.kata.bankaccount.models.Account["registry"]->java.util.ArrayList[0]->com.kata.bankaccount.models.Deposit["account"]->com.kata.bankaccount.models.Account["registry"]->java.util.ArrayList[0]->com.kata.bankaccount.models.Deposit["account"]->com.kata.bankaccount.models.Account["registry"]->java.util.ArrayList[0]->com.kata.bankaccount.models.Deposit["account"]->com.kata.bankaccount.models.Account["registry"]->java.util.ArrayList[0]->com.kata.bankaccount.models.Deposit["account"]->com.kata.bankaccount.models.Account["registry"]->java.util.ArrayList[0]->com.kata.bankaccount.models.Deposit["account"]->com.kata.bankaccount.models.Account["registry"]->java.util.ArrayList[0]->com.kata.bankaccount.models.Deposit["account"]->com.kata.bankaccount.models.Account["registry"]->java.util.ArrayList[0]->com.kata.bankaccount.models.Deposit["account"]->com.kata.bankaccount.models.Account["registry"]->java.util.ArrayList[0]->com.kata.bankaccount.models.Deposit["account"]->com.kata.bankaccount.models.Account["registry"]->java.util.ArrayList[0]->com.kata.bankaccount.models.Deposit["account"]->com.kata.bankaccount.models.Account["registry"]->java.util.ArrayList[0]->com.kata.bankaccount.models.Deposit["account"]->com.kata.bankaccount.models.Account["registry"]->java.util.ArrayList[0]->com.kata.bankaccount.models.Deposit["account"]->com.kata.bankaccount.models.Account["registry"]->java.util.ArrayList[0]->com.kata.bankaccount.models.Deposit["account"]->com.kata.bankaccount.models.Account["registry"]->java.util.ArrayList[0]->com.kata.bankaccount.models.Deposit["account"]->com.kata.bankaccount.models.Account["registry"]->java.util.ArrayList[0]->com.kata.bankaccount.models.Deposit["account"]->com.kata.bankaccount.models.Account["registry"]->java.util.ArrayList[0]->com.kata.bankaccount.models.Deposit["account"]->com.kata.bankaccount.models.Account["registry"]->java.util.ArrayList[0]->com.kata.bankaccount.models.Deposit["account"]->com.kata.bankaccount.models.Account["registry"]->java.util.ArrayList[0]->com.kata.bankaccount.models.Deposit["account"]->com.kata.bankaccount.models.Account["registry"]->java.util.ArrayList[0]->com.kata.bankaccount.models.Deposit["account"]->com.kata.bankaccount.models.Account["registry"]->java.util.ArrayList[0]->com.kata.bankaccount.models.Deposit["account"]->com.kata.bankaccount.models.Account["registry"]->java.util.ArrayList[0]->com.kata.bankaccount.models.Deposit["account"]->com.kata.bankaccount.models.Account["registry"]->java.util.ArrayList[0]->com.kata.bankaccount.models.Deposit["account"]->com.kata.bankaccount.models.Account["registry"]->java.util.ArrayList[0]->com.kata.bankaccount.models.Deposit["account"]->com.kata.bankaccount.models.Account["registry"]->java.util.ArrayList[0]->com.kata.bankaccount.models.Deposit["account"]->com.kata.bankaccount.models.Account["registry"]->java.util.ArrayList[0]->com.kata.bankaccount.models.Deposit["account"]->com.kata.bankaccount.models.Account["registry"]->java.util.ArrayList[0]->com.kata.bankaccount.models.Deposit["account"]->com.kata.bankaccount.models.Account["registry"]->java.util.ArrayList[0]->com.kata.bankaccount.models.Deposit["account"]->com.kata.bankaccount.models.Account["registry"]->java.util.ArrayList[0]->com.kata.bankaccount.models.Deposit["account"]->com.kata.bankaccount.models.Account["registry"]->java.util.ArrayList[0]->com.kata.bankaccount.models.Deposit["account"]->com.kata.bankaccount.models.Account["registry"]->java.util.ArrayList[0]->com.kata.bankaccount.models.Deposit["account"]->com.kata.bankaccount.models.Account["registry"]->java.util.ArrayList[0]->com.kata.bankaccount.models.Deposit["account"]->com.kata.bankaccount.models.Account["registry"]->java.util.ArrayList[0]->com.kata.bankaccount.models.Deposit["account"]->com.kata.bankaccount.models.Account["registry"]->java.util.ArrayList[0]->com.kata.bankaccount.models.Deposit["account"]->com.kata.bankaccount.models.Account["registry"]->java.util.ArrayList[0]->com.kata.bankaccount.models.Deposit["account"]->com.kata.bankaccount.models.Account["registry"]->java.util.ArrayList[0]->com.kata.bankaccount.models.Deposit["account"]->com.kata.bankaccount.models.Account["registry"]->java.util.ArrayList[0]->com.kata.bankaccount.models.Deposit["account"]->com.kata.bankaccount.models.Account["registry"]->java.util.ArrayList[0]->com.kata.bankaccount.models.Deposit["account"]->com.kata.bankaccount.models.Account["registry"]->java.util.ArrayList[0]->com.kata.bankaccount.models.Deposit["account"]->com.kata.bankaccount.models.Account["registry"]->java.util.ArrayList[0]->com.kata.bankaccount.models.Deposit["account"]->com.kata.bankaccount.models.Account["registry"]->java.util.ArrayList[0]->com.kata.bankaccount.models.Deposit["account"]->com.kata.bankaccount.models.Account["registry"]->java.util.ArrayList[0]->com.kata.bankaccount.models.Deposit["account"]->com.kata.bankaccount.models.Account["registry"]->java.util.ArrayList[0]->com.kata.bankaccount.models.Deposit["account"]->com.kata.bankaccount.models.Account["registry"]->java.util.ArrayList[0]->com.kata.bankaccount.models.Deposit["account"]->com.kata.bankaccount.models.Account["registry"]->java.util.ArrayList[0]->com.kata.bankaccount.models.Deposit["account"]->com.kata.bankaccount.models.Account["registry"]->java.util.ArrayList[0]->com.kata.bankaccount.models.Deposit["account"]->com.kata.bankaccount.models.Account["registry"]->java.util.ArrayList[0]->com.kata.bankaccount.models.Deposit["account"]->com.kata.bankaccount.models.Account["registry"]->java.util.ArrayList[0]->com.kata.bankaccount.models.Deposit["account"]->com.kata.bankaccount.models.Account["registry"]->java.util.ArrayList[0]->com.kata.bankaccount.models.Deposit["account"]->com.kata.bankaccount.models.Account["registry"]->java.util.ArrayList[0]->com.kata.bankaccount.models.Deposit["account"]->com.kata.bankaccount.models.Account["registry"]->java.util.ArrayList[0]->com.kata.bankaccount.models.Deposit["account"]->com.kata.bankaccount.models.Account["registry"]->java.util.ArrayList[0]->com.kata.bankaccount.models.Deposit["account"]->com.kata.bankaccount.models.Account["registry"]->java.util.ArrayList[0]->com.kata.bankaccount.models.Deposit["account"]->com.kata.bankaccount.models.Account["registry"]->java.util.ArrayList[0]->com.kata.bankaccount.models.Deposit["account"]->com.kata.bankaccount.models.Account["registry"]->java.util.ArrayList[0]->com.kata.bankaccount.models.Deposit["account"]->com.kata.bankaccount.models.Account["registry"]->java.util.ArrayList[0]->com.kata.bankaccount.models.Deposit["account"]->com.kata.bankaccount.models.Account["registry"]->java.util.ArrayList[0]->com.kata.bankaccount.models.Deposit["account"]->com.kata.bankaccount.models.Account["registry"]->java.util.ArrayList[0]->com.kata.bankaccount.models.Deposit["account"]->com.kata.bankaccount.models.Account["registry"]->java.util.ArrayList[0]->com.kata.bankaccount.models.Deposit["account"]->com.kata.bankaccount.models.Account["registry"]->java.util.ArrayList[0]->com.kata.bankaccount.models.Deposit["account"]->com.kata.bankaccount.models.Account["registry"]->java.util.ArrayList[0]->com.kata.bankaccount.models.Deposit["account"]->com.kata.bankaccount.models.Account["registry"]->java.util.ArrayList[0]->com.kata.bankaccount.models.Deposit["account"]->com.kata.bankaccount.models.Account["registry"]->java.util.ArrayList[0]->com.kata.bankaccount.models.Deposit["account"]->com.kata.bankaccount.models.Account["registry"]->java.util.ArrayList[0]->com.kata.bankaccount.models.Deposit["account"]->com.kata.bankaccount.models.Account["registry"]->java.util.ArrayList[0]->com.kata.bankaccount.models.Deposit["account"]->com.kata.bankaccount.models.Account["registry"]->java.util.ArrayList[0]->com.kata.bankaccount.models.Deposit["account"]->com.kata.bankaccount.models.Account["registry"]->java.util.ArrayList[0]->com.kata.bankaccount.models.Deposit["account"]->com.kata.bankaccount.models.Account["registry"]->java.util.ArrayList[0]->com.kata.bankaccount.models.Deposit["account"]->com.kata.bankaccount.models.Account["registry"]->java.util.ArrayList[0]->com.kata.bankaccount.models.Deposit["account"]->com.kata.bankaccount.models.Account["registry"]->java.util.ArrayList[0]->com.kata.bankaccount.models.Deposit["account"]->com.kata.bankaccount.models.Account["registry"]->java.util.ArrayList[0]->com.kata.bankaccount.models.Deposit["account"]->com.kata.bankaccount.models.Account["registry"]->java.util.ArrayList[0]->com.kata.bankaccount.models.Deposit["account"]->com.kata.bankaccount.models.Account["registry"]->java.util.ArrayList[0]->com.kata.bankaccount.models.Deposit["account"]->com.kata.bankaccount.models.Account["registry"]->java.util.ArrayList[0]->com.kata.bankaccount.models.Deposit["account"]->com.kata.bankaccount.models.Account["registry"]->java.util.ArrayList[0]->com.kata.bankaccount.models.Deposit["account"]->com.kata.bankaccount.models.Account["registry"]->java.util.ArrayList[0]->com.kata.bankaccount.models.Deposit["account"]->com.kata.bankaccount.models.Account["registry"]->java.util.ArrayList[0]->com.kata.bankaccount.models.Deposit["account"]->com.kata.bankaccount.models.Account["registry"]->java.util.ArrayList[0]->com.kata.bankaccount.models.Deposit["account"]->com.kata.bankaccount.models.Account["registry"]->java.util.ArrayList[0]->com.kata.bankaccount.models.Deposit["account"]->com.kata.bankaccount.models.Account["registry"]->java.util.ArrayList[0]->com.kata.bankaccount.models.Deposit["account"]->com.kata.bankaccount.models.Account["registry"]->java.util.ArrayList[0]->com.kata.bankaccount.models.Deposit["account"]->com.kata.bankaccount.models.Account["registry"]->java.util.ArrayList[0]->com.kata.bankaccount.models.Deposit["account"]->com.kata.bankaccount.models.Account["registry"]->java.util.ArrayList[0]->com.kata.bankaccount.models.Deposit["account"]->com.kata.bankaccount.models.Account["registry"]->java.util.ArrayList[0]->com.kata.bankaccount.models.Deposit["account"]->com.kata.bankaccount.models.Account["registry"]->java.util.ArrayList[0]->com.kata.bankaccount.models.Deposit["account"]->com.kata.bankaccount.models.Account["registry"]->java.util.ArrayList[0]->com.kata.bankaccount.models.Deposit["account"]->com.kata.bankaccount.models.Account["registry"]->java.util.ArrayList[0]->com.kata.bankaccount.models.Deposit["account"]->com.kata.bankaccount.models.Account["registry"]->java.util.ArrayList[0]->com.kata.bankaccount.models.Deposit["account"]->com.kata.bankaccount.models.Account["registry"]->java.util.ArrayList[0]->com.kata.bankaccount.models.Deposit["account"]->com.kata.bankaccount.models.Account["registry"]->java.util.ArrayList[0]->com.kata.bankaccount.models.Deposit["account"]->com.kata.bankaccount.models.Account["registry"]->java.util.ArrayList[0]->com.kata.bankaccount.models.Deposit["account"]->com.kata.bankaccount.models.Account["registry"]->java.util.ArrayList[0]->com.kata.bankaccount.models.Deposit["account"]->com.kata.bankaccount.models.Account["registry"]->java.util.ArrayList[0]->com.kata.bankaccount.models.Deposit["account"]->com.kata.bankaccount.models.Account["registry"]->java.util.ArrayList[0]->com.kata.bankaccount.models.Deposit["account"]->com.kata.bankaccount.models.Account["registry"]->java.util.ArrayList[0]->com.kata.bankaccount.models.Deposit["account"]->com.kata.bankaccount.models.Account["registry"]->java.util.ArrayList[0]->com.kata.bankaccount.models.Deposit["account"]->com.kata.bankaccount.models.Account["registry"]->java.util.ArrayList[0]->com.kata.bankaccount.models.Deposit["account"]->com.kata.bankaccount.models.Account["registry"]->java.util.ArrayList[0]->com.kata.bankaccount.models.Deposit["account"]->com.kata.bankaccount.models.Account["registry"]->java.util.ArrayList[0]->com.kata.bankaccount.models.Deposit["account"]->com.kata.bankaccount.models.Account["registry"]->java.util.ArrayList[0]->com.kata.bankaccount.models.Deposit["account"]->com.kata.bankaccount.models.Account["registry"]->java.util.ArrayList[0]->com.kata.bankaccount.models.Deposit["account"]->com.kata.bankaccount.models.Account["registry"]->java.util.ArrayList[0]->com.kata.bankaccount.models.Deposit["account"]->com.kata.bankaccount.models.Account["registry"]->java.util.ArrayList[0]->com.kata.bankaccount.models.Deposit["account"]->com.kata.bankaccount.models.Account["registry"]->java.util.ArrayList[0]->com.kata.bankaccount.models.Deposit["account"]->com.kata.bankaccount.models.Account["registry"]->java.util.ArrayList[0]->com.kata.bankaccount.models.Deposit["account"]->com.kata.bankaccount.models.Account["registry"]->java.util.ArrayList[0]->com.kata.bankaccount.models.Deposit["account"]->com.kata.bankaccount.models.Account["registry"]->java.util.ArrayList[0]->com.kata.bankaccount.models.Deposit["account"]->com.kata.bankaccount.models.Account["registry"]->java.util.ArrayList[0]->com.kata.bankaccount.models.Deposit["account"]->com.kata.bankaccount.models.Account["registry"]->java.util.ArrayList[0]->com.kata.bankaccount.models.Deposit["account"]->com.kata.bankaccount.models.Account["registry"]->java.util.ArrayList[0]->com.kata.bankaccount.models.Deposit["account"]->com.kata.bankaccount.models.Account["registry"]->java.util.ArrayList[0]->com.kata.bankaccount.models.Deposit["account"]->com.kata.bankaccount.models.Account["registry"]->java.util.ArrayList[0]->com.kata.bankaccount.models.Deposit["account"]->com.kata.bankaccount.models.Account["registry"]->java.util.ArrayList[0]->com.kata.bankaccount.models.Deposit["account"]->com.kata.bankaccount.models.Account["registry"]->java.util.ArrayList[0]->com.kata.bankaccount.models.Deposit["account"]->com.kata.bankaccount.models.Account["registry"]->java.util.ArrayList[0]->com.kata.bankaccount.models.Deposit["account"]->com.kata.bankaccount.models.Account["registry"]->java.util.ArrayList[0]->com.kata.bankaccount.models.Deposit["account"]->com.kata.bankaccount.models.Account["registry"]->java.util.ArrayList[0]->com.kata.bankaccount.models.Deposit["account"]->com.kata.bankaccount.models.Account["registry"]->java.util.ArrayList[0]->com.kata.bankaccount.models.Deposit["account"]->com.kata.bankaccount.models.Account["registry"]->java.util.ArrayList[0]->com.kata.bankaccount.models.Deposit["account"]->com.kata.bankaccount.models.Account["registry"]->java.util.ArrayList[0]->com.kata.bankaccount.models.Deposit["account"]->com.kata.bankaccount.models.Account["registry"]->java.util.ArrayList[0]->com.kata.bankaccount.models.Deposit["account"]->com.kata.bankaccount.models.Account["registry"]->java.util.ArrayList[0]->com.kata.bankaccount.models.Deposit["account"]->com.kata.bankaccount.models.Account["registry"]->java.util.ArrayList[0]->com.kata.bankaccount.models.Deposit["account"]->com.kata.bankaccount.models.Account["registry"]->java.util.ArrayList[0]->com.kata.bankaccount.models.Deposit["account"]->com.kata.bankaccount.models.Account["registry"]->java.util.ArrayList[0]->com.kata.bankaccount.models.Deposit["account"]->com.kata.bankaccount.models.Account["registry"]->java.util.ArrayList[0]->com.kata.bankaccount.models.Deposit["account"]->com.kata.bankaccount.models.Account["registry"]->java.util.ArrayList[0]->com.kata.bankaccount.models.Deposit["account"]->com.kata.bankaccount.models.Account["registry"]->java.util.ArrayList[0]->com.kata.bankaccount.models.Deposit["account"]->com.kata.bankaccount.models.Account["registry"]->java.util.ArrayList[0]->com.kata.bankaccount.models.Deposit["account"]->com.kata.bankaccount.models.Account["registry"]->java.util.ArrayList[0]->com.kata.bankaccount.models.Deposit["account"]->com.kata.bankaccount.models.Account["registry"]->java.util.ArrayList[0]->com.kata.bankaccount.models.Deposit["account"]->com.kata.bankaccount.models.Account["registry"]->java.util.ArrayList[0]->com.kata.bankaccount.models.Deposit["account"]->com.kata.bankaccount.models.Account["registry"]->java.util.ArrayList[0]->com.kata.bankaccount.models.Deposit["account"]->com.kata.bankaccount.models.Account["registry"]->java.util.ArrayList[0]->com.kata.bankaccount.models.Deposit["account"]->com.kata.bankaccount.models.Account["registry"]->java.util.ArrayList[0]->com.kata.bankaccount.models.Deposit["account"]->com.kata.bankaccount.models.Account["registry"]->java.util.ArrayList[0]->com.kata.bankaccount.models.Deposit["account"]->com.kata.bankaccount.models.Account["registry"]->java.util.ArrayList[0]->com.kata.bankaccount.models.Deposit["account"]->com.kata.bankaccount.models.Account["registry"]->java.util.ArrayList[0]->com.kata.bankaccount.models.Deposit["account"]->com.kata.bankaccount.models.Account["registry"]->java.util.ArrayList[0]->com.kata.bankaccount.models.Deposit["account"]->com.kata.bankaccount.models.Account["registry"]->java.util.ArrayList[0]->com.kata.bankaccount.models.Deposit["account"]->com.kata.bankaccount.models.Account["registry"]->java.util.ArrayList[0]->com.kata.bankaccount.models.Deposit["account"]->com.kata.bankaccount.models.Account["registry"]->java.util.ArrayList[0]->com.kata.bankaccount.models.Deposit["account"]->com.kata.bankaccount.models.Account["registry"]->java.util.ArrayList[0]->com.kata.bankaccount.models.Deposit["account"]->com.kata.bankaccount.models.Account["registry"]->java.util.ArrayList[0]->com.kata.bankaccount.models.Deposit["account"]->com.kata.bankaccount.models.Account["registry"]->java.util.ArrayList[0]->com.kata.bankaccount.models.Deposit["account"]->com.kata.bankaccount.models.Account["registry"])
Caused by: java.lang.StackOverflowError
</error>
    <system-out><![CDATA[09:12:08.987 [main] DEBUG org.springframework.test.context.BootstrapUtils - Instantiating CacheAwareContextLoaderDelegate from class [org.springframework.test.context.cache.DefaultCacheAwareContextLoaderDelegate]
09:12:09.000 [main] DEBUG org.springframework.test.context.BootstrapUtils - Instantiating BootstrapContext using constructor [public org.springframework.test.context.support.DefaultBootstrapContext(java.lang.Class,org.springframework.test.context.CacheAwareContextLoaderDelegate)]
09:12:09.044 [main] DEBUG org.springframework.test.context.BootstrapUtils - Instantiating TestContextBootstrapper for test class [com.kata.bankaccount.AccountControllerTests] from class [org.springframework.boot.test.context.SpringBootTestContextBootstrapper]
09:12:09.061 [main] INFO org.springframework.boot.test.context.SpringBootTestContextBootstrapper - Neither @ContextConfiguration nor @ContextHierarchy found for test class [com.kata.bankaccount.AccountControllerTests], using SpringBootContextLoader
09:12:09.066 [main] DEBUG org.springframework.test.context.support.AbstractContextLoader - Did not detect default resource location for test class [com.kata.bankaccount.AccountControllerTests]: class path resource [com/kata/bankaccount/AccountControllerTests-context.xml] does not exist
09:12:09.066 [main] DEBUG org.springframework.test.context.support.AbstractContextLoader - Did not detect default resource location for test class [com.kata.bankaccount.AccountControllerTests]: class path resource [com/kata/bankaccount/AccountControllerTestsContext.groovy] does not exist
09:12:09.066 [main] INFO org.springframework.test.context.support.AbstractContextLoader - Could not detect default resource locations for test class [com.kata.bankaccount.AccountControllerTests]: no resource found for suffixes {-context.xml, Context.groovy}.
09:12:09.125 [main] DEBUG org.springframework.test.context.support.ActiveProfilesUtils - Could not find an 'annotation declaring class' for annotation type [org.springframework.test.context.ActiveProfiles] and class [com.kata.bankaccount.AccountControllerTests]
09:12:09.296 [main] DEBUG org.springframework.boot.test.context.SpringBootTestContextBootstrapper - @TestExecutionListeners is not present for class [com.kata.bankaccount.AccountControllerTests]: using defaults.
09:12:09.296 [main] INFO org.springframework.boot.test.context.SpringBootTestContextBootstrapper - Loaded default TestExecutionListener class names from location [META-INF/spring.factories]: [org.springframework.boot.test.mock.mockito.MockitoTestExecutionListener, org.springframework.boot.test.mock.mockito.ResetMocksTestExecutionListener, org.springframework.boot.test.autoconfigure.restdocs.RestDocsTestExecutionListener, org.springframework.boot.test.autoconfigure.web.client.MockRestServiceServerResetTestExecutionListener, org.springframework.boot.test.autoconfigure.web.servlet.MockMvcPrintOnlyOnFailureTestExecutionListener, org.springframework.boot.test.autoconfigure.web.servlet.WebDriverTestExecutionListener, org.springframework.boot.test.autoconfigure.webservices.client.MockWebServiceServerTestExecutionListener, org.springframework.test.context.web.ServletTestExecutionListener, org.springframework.test.context.support.DirtiesContextBeforeModesTestExecutionListener, org.springframework.test.context.event.ApplicationEventsTestExecutionListener, org.springframework.test.context.support.DependencyInjectionTestExecutionListener, org.springframework.test.context.support.DirtiesContextTestExecutionListener, org.springframework.test.context.transaction.TransactionalTestExecutionListener, org.springframework.test.context.jdbc.SqlScriptsTestExecutionListener, org.springframework.test.context.event.EventPublishingTestExecutionListener]
09:12:09.316 [main] DEBUG org.springframework.boot.test.context.SpringBootTestContextBootstrapper - Skipping candidate TestExecutionListener [org.springframework.test.context.transaction.TransactionalTestExecutionListener] due to a missing dependency. Specify custom listener classes or make the default listener classes and their required dependencies available. Offending class: [org/springframework/transaction/interceptor/TransactionAttributeSource]
09:12:09.317 [main] DEBUG org.springframework.boot.test.context.SpringBootTestContextBootstrapper - Skipping candidate TestExecutionListener [org.springframework.test.context.jdbc.SqlScriptsTestExecutionListener] due to a missing dependency. Specify custom listener classes or make the default listener classes and their required dependencies available. Offending class: [org/springframework/transaction/interceptor/TransactionAttribute]
09:12:09.318 [main] INFO org.springframework.boot.test.context.SpringBootTestContextBootstrapper - Using TestExecutionListeners: [org.springframework.test.context.web.ServletTestExecutionListener@51972dc7, org.springframework.test.context.support.DirtiesContextBeforeModesTestExecutionListener@3700ec9c, org.springframework.test.context.event.ApplicationEventsTestExecutionListener@2002348, org.springframework.boot.test.mock.mockito.MockitoTestExecutionListener@5911e990, org.springframework.boot.test.autoconfigure.SpringBootDependencyInjectionTestExecutionListener@31000e60, org.springframework.test.context.support.DirtiesContextTestExecutionListener@1d470d0, org.springframework.test.context.event.EventPublishingTestExecutionListener@24d09c1, org.springframework.boot.test.mock.mockito.ResetMocksTestExecutionListener@54c62d71, org.springframework.boot.test.autoconfigure.restdocs.RestDocsTestExecutionListener@65045a87, org.springframework.boot.test.autoconfigure.web.client.MockRestServiceServerResetTestExecutionListener@47f4e407, org.springframework.boot.test.autoconfigure.web.servlet.MockMvcPrintOnlyOnFailureTestExecutionListener@2d1dee39, org.springframework.boot.test.autoconfigure.web.servlet.WebDriverTestExecutionListener@48d5f34e, org.springframework.boot.test.autoconfigure.webservices.client.MockWebServiceServerTestExecutionListener@fc258b1]
09:12:09.324 [main] DEBUG org.springframework.test.context.support.AbstractDirtiesContextTestExecutionListener - Before test class: context [DefaultTestContext@2f17e30d testClass = AccountControllerTests, testInstance = [null], testMethod = [null], testException = [null], mergedContextConfiguration = [WebMergedContextConfiguration@3e821657 testClass = AccountControllerTests, locations = '{}', classes = '{class com.kata.bankaccount.BankAccountApplication}', contextInitializerClasses = '[]', activeProfiles = '{}', propertySourceLocations = '{}', propertySourceProperties = '{org.springframework.boot.test.context.SpringBootTestContextBootstrapper=true, server.port=0}', contextCustomizers = set[org.springframework.boot.test.context.filter.ExcludeFilterContextCustomizer@560348e6, org.springframework.boot.test.json.DuplicateJsonObjectContextCustomizerFactory$DuplicateJsonObjectContextCustomizer@7b993c65, org.springframework.boot.test.mock.mockito.MockitoContextCustomizer@0, org.springframework.boot.test.web.client.TestRestTemplateContextCustomizer@895e367, org.springframework.boot.test.autoconfigure.actuate.metrics.MetricsExportContextCustomizerFactory$DisableMetricExportContextCustomizer@39d76cb5, org.springframework.boot.test.autoconfigure.properties.PropertyMappingContextCustomizer@0, org.springframework.boot.test.autoconfigure.web.servlet.WebDriverContextCustomizerFactory$Customizer@6a57ae10, org.springframework.boot.test.context.SpringBootTestArgs@1, org.springframework.boot.test.context.SpringBootTestWebEnvironment@6a28ffa4], resourceBasePath = 'src/main/webapp', contextLoader = 'org.springframework.boot.test.context.SpringBootContextLoader', parent = [null]], attributes = map['org.springframework.test.context.web.ServletTestExecutionListener.activateListener' -> false]], class annotated with @DirtiesContext [false] with mode [null].
09:12:09.857 [main] DEBUG org.springframework.test.context.support.DependencyInjectionTestExecutionListener - Performing dependency injection for test context [[DefaultTestContext@2f17e30d testClass = AccountControllerTests, testInstance = com.kata.bankaccount.AccountControllerTests@7f9e1534, testMethod = [null], testException = [null], mergedContextConfiguration = [WebMergedContextConfiguration@3e821657 testClass = AccountControllerTests, locations = '{}', classes = '{class com.kata.bankaccount.BankAccountApplication}', contextInitializerClasses = '[]', activeProfiles = '{}', propertySourceLocations = '{}', propertySourceProperties = '{org.springframework.boot.test.context.SpringBootTestContextBootstrapper=true, server.port=0}', contextCustomizers = set[org.springframework.boot.test.context.filter.ExcludeFilterContextCustomizer@560348e6, org.springframework.boot.test.json.DuplicateJsonObjectContextCustomizerFactory$DuplicateJsonObjectContextCustomizer@7b993c65, org.springframework.boot.test.mock.mockito.MockitoContextCustomizer@0, org.springframework.boot.test.web.client.TestRestTemplateContextCustomizer@895e367, org.springframework.boot.test.autoconfigure.actuate.metrics.MetricsExportContextCustomizerFactory$DisableMetricExportContextCustomizer@39d76cb5, org.springframework.boot.test.autoconfigure.properties.PropertyMappingContextCustomizer@0, org.springframework.boot.test.autoconfigure.web.servlet.WebDriverContextCustomizerFactory$Customizer@6a57ae10, org.springframework.boot.test.context.SpringBootTestArgs@1, org.springframework.boot.test.context.SpringBootTestWebEnvironment@6a28ffa4], resourceBasePath = 'src/main/webapp', contextLoader = 'org.springframework.boot.test.context.SpringBootContextLoader', parent = [null]], attributes = map['org.springframework.test.context.web.ServletTestExecutionListener.activateListener' -> false, 'org.springframework.test.context.event.ApplicationEventsTestExecutionListener.recordApplicationEvents' -> false, 'org.springframework.boot.test.mock.mockito.MockitoTestExecutionListener.mocks' -> org.mockito.internal.configuration.InjectingAnnotationEngine$$Lambda$427/0x00000008002d9040@138a7441]]].
09:12:09.920 [main] DEBUG org.springframework.boot.ApplicationServletEnvironment - Activating profiles []
09:12:09.921 [main] DEBUG org.springframework.test.context.support.TestPropertySourceUtils - Adding inlined properties to environment: {spring.jmx.enabled=false, org.springframework.boot.test.context.SpringBootTestContextBootstrapper=true, server.port=0}

  .   ____          _            __ _ _
 /\\ / ___'_ __ _ _(_)_ __  __ _ \ \ \ \
( ( )\___ | '_ | '_| | '_ \/ _` | \ \ \ \
 \\/  ___)| |_)| | | | | || (_| |  ) ) ) )
  '  |____| .__|_| |_|_| |_\__, | / / / /
 =========|_|==============|___/=/_/_/_/
 :: Spring Boot ::                (v2.6.1)

2022-01-28 09:12:10.339  INFO 15392 --- [           main] c.k.bankaccount.AccountControllerTests   : Starting AccountControllerTests using Java 11.0.11 on LAPTOP-MG8SO5JL with PID 15392 (started by Manel in C:\Users\boujl\Desktop\bank-account)
2022-01-28 09:12:10.340  INFO 15392 --- [           main] c.k.bankaccount.AccountControllerTests   : No active profile set, falling back to default profiles: default
2022-01-28 09:12:11.949  INFO 15392 --- [           main] o.s.b.w.embedded.tomcat.TomcatWebServer  : Tomcat initialized with port(s): 0 (http)
2022-01-28 09:12:11.964  INFO 15392 --- [           main] o.apache.catalina.core.StandardService   : Starting service [Tomcat]
2022-01-28 09:12:11.964  INFO 15392 --- [           main] org.apache.catalina.core.StandardEngine  : Starting Servlet engine: [Apache Tomcat/9.0.55]
2022-01-28 09:12:12.118  INFO 15392 --- [           main] o.a.c.c.C.[Tomcat].[localhost].[/]       : Initializing Spring embedded WebApplicationContext
2022-01-28 09:12:12.119  INFO 15392 --- [           main] w.s.c.ServletWebServerApplicationContext : Root WebApplicationContext: initialization completed in 1742 ms
2022-01-28 09:12:13.045  INFO 15392 --- [           main] o.s.b.w.embedded.tomcat.TomcatWebServer  : Tomcat started on port(s): 58844 (http) with context path ''
2022-01-28 09:12:13.056  INFO 15392 --- [           main] c.k.bankaccount.AccountControllerTests   : Started AccountControllerTests in 3.133 seconds (JVM running for 4.798)
]]></system-out>
  </testcase>
  <testcase name="testDepositMissingAmount" classname="com.kata.bankaccount.AccountControllerTests" time="0.22"/>
</testsuite>